#
# There is insufficient memory for the Java Runtime Environment to continue.
# Native memory allocation (mmap) failed to map 31457280 bytes. Error detail: G1 virtual space
# Possible reasons:
#   The system is out of physical RAM or swap space
#   This process is running with CompressedOops enabled, and the Java Heap may be blocking the growth of the native heap
# Possible solutions:
#   Reduce memory load on the system
#   Increase physical memory or swap space
#   Check if swap backing store is full
#   Decrease Java heap size (-Xmx/-Xms)
#   Decrease number of Java threads
#   Decrease Java thread stack sizes (-Xss)
#   Set larger code cache with -XX:ReservedCodeCacheSize=
#   JVM is running with Zero Based Compressed Oops mode in which the Java heap is
#     placed in the first 32GB address space. The Java Heap base address is the
#     maximum limit for the native heap growth. Please use -XX:HeapBaseMinAddress
#     to set the Java Heap base and to place the Java Heap above 32GB virtual address.
# This output file may be truncated or incomplete.
#
#  Out of Memory Error (os_windows.cpp:3825), pid=28416, tid=11556
#
# JRE version: OpenJDK Runtime Environment JBR-17.0.12+1-1207.37-nomod (17.0.12+1) (build 17.0.12+1-b1207.37)
# Java VM: OpenJDK 64-Bit Server VM JBR-17.0.12+1-1207.37-nomod (17.0.12+1-b1207.37, mixed mode, emulated-client, sharing, tiered, compressed oops, compressed class ptrs, g1 gc, windows-amd64)
# No core dump will be written. Minidumps are not enabled by default on client versions of Windows
#

---------------  S U M M A R Y ------------

Command Line: -XX:TieredStopAtLevel=1 -Dspring.output.ansi.enabled=always -Dcom.sun.management.jmxremote -Dspring.jmx.enabled=true -Dspring.liveBeansView.mbeanDomain -Dspring.application.admin.enabled=true -Dmanagement.endpoints.jmx.exposure.include=* -javaagent:C:\Program Files\JetBrains\IntelliJ IDEA 2024.3.1.1\lib\idea_rt.jar=63416 -Dfile.encoding=UTF-8 org.example.projet_pi.ProjetPiApplication

Host: 12th Gen Intel(R) Core(TM) i7-1255U, 12 cores, 15G,  Windows 11 , 64 bit Build 26100 (10.0.26100.8246)
Time: Sun Apr 26 11:26:45 2026 Afr. centrale Ouest elapsed time: 7.874308 seconds (0d 0h 0m 7s)

---------------  T H R E A D  ---------------

Current thread (0x000002b496005e30):  VMThread "VM Thread" [stack: 0x000000fcb6c00000,0x000000fcb6d00000] [id=11556]

Stack: [0x000000fcb6c00000,0x000000fcb6d00000]
Native frames: (J=compiled Java code, j=interpreted, Vv=VM code, C=native code)
V  [jvm.dll+0x689d89]
V  [jvm.dll+0x84386a]
V  [jvm.dll+0x8454ee]
V  [jvm.dll+0x845b53]
V  [jvm.dll+0x24a56f]
V  [jvm.dll+0x686ad9]
V  [jvm.dll+0x67b3da]
V  [jvm.dll+0x30b15b]
V  [jvm.dll+0x312646]
V  [jvm.dll+0x36288e]
V  [jvm.dll+0x362acf]
V  [jvm.dll+0x2e125c]  (g1CollectedHeap.cpp:1292)
V  [jvm.dll+0x2df61f]  G1CollectedHeap::do_collection_pause_at_safepoint_helper+0x8bf  (g1CollectedHeap.cpp:3093)
V  [jvm.dll+0x2ded4c]  G1CollectedHeap::do_collection_pause_at_safepoint+0x5c  (g1CollectedHeap.cpp:2897)
V  [jvm.dll+0x32334b]  VM_G1CollectForAllocation::doit+0x6b  (g1VMOperations.cpp:147)
V  [jvm.dll+0x84a24d]  VM_Operation::evaluate+0xfd  (vmOperations.cpp:73)
V  [jvm.dll+0x84af92]  VMThread::evaluate_operation+0xd2  (vmThread.cpp:269)
V  [jvm.dll+0x84b4bf]  VMThread::inner_execute+0x1af  (vmThread.cpp:417)
V  [jvm.dll+0x84b8a4]  VMThread::loop+0x254  (vmThread.cpp:481)
V  [jvm.dll+0x84b970]  VMThread::run+0x70  (vmThread.cpp:167)
V  [jvm.dll+0x7f1cec]  Thread::call_run+0x8c  (thread.cpp:405)
V  [jvm.dll+0x688be7]  thread_native_entry+0x77  (os_windows.cpp:550)
C  [ucrtbase.dll+0x37b0]
C  [KERNEL32.DLL+0x2e8d7]
C  [ntdll.dll+0x8c3fc]

VM_Operation (0x000000fcb66fb810): G1CollectForAllocation, mode: safepoint, requested by thread 0x000002b43fec41a0


---------------  P R O C E S S  ---------------

Threads class SMR info:
_java_thread_list=0x000002b4a300a610, length=27, elements={
0x000002b43fec41a0, 0x000002b49600b4a0, 0x000002b49600dc80, 0x000002b496026d40,
0x000002b496027220, 0x000002b496027700, 0x000002b49602bce0, 0x000002b49602c360,
0x000002b49602c970, 0x000002b454c25db0, 0x000002b49613ceb0, 0x000002b49613e3e0,
0x000002b49613f9c0, 0x000002b49b513aa0, 0x000002b49b739210, 0x000002b49b8321c0,
0x000002b49b8b7db0, 0x000002b49b8af3b0, 0x000002b49b8a3fa0, 0x000002b49bcd87e0,
0x000002b49c3240d0, 0x000002b49c321850, 0x000002b49c3245e0, 0x000002b49c321d60,
0x000002b49c325a20, 0x000002b49c322270, 0x000002b49c322780
}

Java Threads: ( => current thread )
  0x000002b43fec41a0 JavaThread "main" [_thread_blocked, id=6324, stack(0x000000fcb6600000,0x000000fcb6700000)]
  0x000002b49600b4a0 JavaThread "Reference Handler" daemon [_thread_blocked, id=19632, stack(0x000000fcb6d00000,0x000000fcb6e00000)]
  0x000002b49600dc80 JavaThread "Finalizer" daemon [_thread_blocked, id=25580, stack(0x000000fcb6e00000,0x000000fcb6f00000)]
  0x000002b496026d40 JavaThread "Signal Dispatcher" daemon [_thread_blocked, id=20332, stack(0x000000fcb6f00000,0x000000fcb7000000)]
  0x000002b496027220 JavaThread "Attach Listener" daemon [_thread_blocked, id=12860, stack(0x000000fcb7000000,0x000000fcb7100000)]
  0x000002b496027700 JavaThread "Service Thread" daemon [_thread_blocked, id=24872, stack(0x000000fcb7100000,0x000000fcb7200000)]
  0x000002b49602bce0 JavaThread "Monitor Deflation Thread" daemon [_thread_blocked, id=14340, stack(0x000000fcb7200000,0x000000fcb7300000)]
  0x000002b49602c360 JavaThread "C1 CompilerThread0" daemon [_thread_blocked, id=17660, stack(0x000000fcb7300000,0x000000fcb7400000)]
  0x000002b49602c970 JavaThread "Sweeper thread" daemon [_thread_blocked, id=22260, stack(0x000000fcb7400000,0x000000fcb7500000)]
  0x000002b454c25db0 JavaThread "Common-Cleaner" daemon [_thread_blocked, id=21108, stack(0x000000fcb7500000,0x000000fcb7600000)]
  0x000002b49613ceb0 JavaThread "C1 CompilerThread1" daemon [_thread_blocked, id=19448, stack(0x000000fcb7600000,0x000000fcb7700000)]
  0x000002b49613e3e0 JavaThread "C1 CompilerThread2" daemon [_thread_blocked, id=9380, stack(0x000000fcb7700000,0x000000fcb7800000)]
  0x000002b49613f9c0 JavaThread "C1 CompilerThread3" daemon [_thread_blocked, id=15284, stack(0x000000fcb7800000,0x000000fcb7900000)]
  0x000002b49b513aa0 JavaThread "Monitor Ctrl-Break" daemon [_thread_in_native, id=16472, stack(0x000000fcb7e00000,0x000000fcb7f00000)]
  0x000002b49b739210 JavaThread "Notification Thread" daemon [_thread_blocked, id=14360, stack(0x000000fcb7f00000,0x000000fcb8000000)]
  0x000002b49b8321c0 JavaThread "RMI TCP Accept-0" daemon [_thread_in_native, id=16664, stack(0x000000fcb8000000,0x000000fcb8100000)]
  0x000002b49b8b7db0 JavaThread "RMI TCP Connection(1)-192.168.100.11" daemon [_thread_blocked, id=23044, stack(0x000000fcb8200000,0x000000fcb8300000)]
  0x000002b49b8af3b0 JavaThread "RMI Scheduler(0)" daemon [_thread_blocked, id=27632, stack(0x000000fcb8300000,0x000000fcb8400000)]
  0x000002b49b8a3fa0 JavaThread "JMX server connection timeout 20" daemon [_thread_blocked, id=24168, stack(0x000000fcb8400000,0x000000fcb8500000)]
  0x000002b49bcd87e0 JavaThread "RMI TCP Connection(2)-192.168.100.11" daemon [_thread_blocked, id=15496, stack(0x000000fcb8a00000,0x000000fcb8b00000)]
  0x000002b49c3240d0 JavaThread "mysql-cj-abandoned-connection-cleanup" daemon [_thread_blocked, id=2728, stack(0x000000fcb8900000,0x000000fcb8a00000)]
  0x000002b49c321850 JavaThread "HikariPool-1 housekeeper" daemon [_thread_blocked, id=14960, stack(0x000000fcb8e00000,0x000000fcb8f00000)]
  0x000002b49c3245e0 JavaThread "HikariPool-1 connection adder" daemon [_thread_blocked, id=27280, stack(0x000000fcb8f00000,0x000000fcb9000000)]
  0x000002b49c321d60 JavaThread "Catalina-utility-1" [_thread_blocked, id=25420, stack(0x000000fcb9000000,0x000000fcb9100000)]
  0x000002b49c325a20 JavaThread "Catalina-utility-2" [_thread_blocked, id=19204, stack(0x000000fcb9100000,0x000000fcb9200000)]
  0x000002b49c322270 JavaThread "container-0" [_thread_blocked, id=27904, stack(0x000000fcb9200000,0x000000fcb9300000)]
  0x000002b49c322780 JavaThread "JavaCPP Deallocator" daemon [_thread_blocked, id=9240, stack(0x000000fcb9300000,0x000000fcb9400000)]

Other Threads:
=>0x000002b496005e30 VMThread "VM Thread" [stack: 0x000000fcb6c00000,0x000000fcb6d00000] [id=11556]
  0x000002b49b8326a0 WatcherThread [stack: 0x000000fcb8100000,0x000000fcb8200000] [id=27024]
  0x000002b43ff333e0 GCTaskThread "GC Thread#0" [stack: 0x000000fcb6700000,0x000000fcb6800000] [id=23084]
  0x000002b496bfe2f0 GCTaskThread "GC Thread#1" [stack: 0x000000fcb7900000,0x000000fcb7a00000] [id=25060]
  0x000002b496bfe5b0 GCTaskThread "GC Thread#2" [stack: 0x000000fcb7a00000,0x000000fcb7b00000] [id=24180]
  0x000002b496bfe870 GCTaskThread "GC Thread#3" [stack: 0x000000fcb7b00000,0x000000fcb7c00000] [id=22008]
  0x000002b49b50c4b0 GCTaskThread "GC Thread#4" [stack: 0x000000fcb7c00000,0x000000fcb7d00000] [id=27404]
  0x000002b49b50e780 GCTaskThread "GC Thread#5" [stack: 0x000000fcb7d00000,0x000000fcb7e00000] [id=28696]
  0x000002b49b9baf70 GCTaskThread "GC Thread#6" [stack: 0x000000fcb8500000,0x000000fcb8600000] [id=23424]
  0x000002b49b9d5ea0 GCTaskThread "GC Thread#7" [stack: 0x000000fcb8600000,0x000000fcb8700000] [id=23440]
  0x000002b49b9b5b60 GCTaskThread "GC Thread#8" [stack: 0x000000fcb8700000,0x000000fcb8800000] [id=7752]
  0x000002b49b9d7270 GCTaskThread "GC Thread#9" [stack: 0x000000fcb8800000,0x000000fcb8900000] [id=17324]
  0x000002b43ff400d0 ConcurrentGCThread "G1 Main Marker" [stack: 0x000000fcb6800000,0x000000fcb6900000] [id=18784]
  0x000002b43fc8ebf0 ConcurrentGCThread "G1 Conc#0" [stack: 0x000000fcb6900000,0x000000fcb6a00000] [id=16336]
  0x000002b49c206f90 ConcurrentGCThread "G1 Conc#1" [stack: 0x000000fcb8b00000,0x000000fcb8c00000] [id=26708]
  0x000002b49c206490 ConcurrentGCThread "G1 Conc#2" [stack: 0x000000fcb8c00000,0x000000fcb8d00000] [id=22572]
  0x000002b454ae6270 ConcurrentGCThread "G1 Refine#0" [stack: 0x000000fcb6a00000,0x000000fcb6b00000] [id=7864]
  0x000002b454ae6750 ConcurrentGCThread "G1 Service" [stack: 0x000000fcb6b00000,0x000000fcb6c00000] [id=22348]

Threads with active compile tasks:

VM state: at safepoint (normal execution)

VM Mutex/Monitor currently owned by a thread:  ([mutex/lock_event])
[0x000002b43fec02c0] Threads_lock - owner thread: 0x000002b496005e30
[0x000002b43fec1310] Heap_lock - owner thread: 0x000002b43fec41a0

Heap address: 0x0000000704e00000, size: 4018 MB, Compressed Oops mode: Zero based, Oop shift amount: 3

CDS archive(s) mapped at: [0x000002b455000000-0x000002b455c00000-0x000002b455c00000), size 12582912, SharedBaseAddress: 0x000002b455000000, ArchiveRelocationMode: 1.
Compressed class space mapped at: 0x000002b456000000-0x000002b496000000, reserved size: 1073741824
Narrow klass base: 0x000002b455000000, Narrow klass shift: 0, Narrow klass range: 0x100000000

GC Precious Log:
 CPUs: 12 total, 12 available
 Memory: 16068M
 Large Page Support: Disabled
 NUMA Support: Disabled
 Compressed Oops: Enabled (Zero based)
 Heap Region Size: 2M
 Heap Min Capacity: 8M
 Heap Initial Capacity: 252M
 Heap Max Capacity: 4018M
 Pre-touch: Disabled
 Parallel Workers: 10
 Concurrent Workers: 3
 Concurrent Refinement Workers: 10
 Periodic GC: Disabled

Heap:
 garbage-first heap   total 186368K, used 62166K [0x0000000704e00000, 0x0000000800000000)
  region size 2048K, 3 young (6144K), 3 survivors (6144K)
 Metaspace       used 81563K, committed 82176K, reserved 1179648K
  class space    used 11495K, committed 11776K, reserved 1048576K

Heap Regions: E=young(eden), S=young(survivor), O=old, HS=humongous(starts), HC=humongous(continues), CS=collection set, F=free, OA=open archive, CA=closed archive, TAMS=top-at-mark-start (previous, next)
|   0|0x0000000704e00000, 0x0000000705000000, 0x0000000705000000|100%| O|  |TAMS 0x0000000705000000, 0x0000000704e00000| Untracked 
|   1|0x0000000705000000, 0x0000000705200000, 0x0000000705200000|100%| O|  |TAMS 0x0000000705200000, 0x0000000705000000| Untracked 
|   2|0x0000000705200000, 0x0000000705400000, 0x0000000705400000|100%| O|  |TAMS 0x0000000705400000, 0x0000000705200000| Untracked 
|   3|0x0000000705400000, 0x0000000705600000, 0x0000000705600000|100%| O|  |TAMS 0x0000000705600000, 0x0000000705400000| Untracked 
|   4|0x0000000705600000, 0x0000000705800000, 0x0000000705800000|100%| O|  |TAMS 0x0000000705800000, 0x0000000705600000| Untracked 
|   5|0x0000000705800000, 0x0000000705a00000, 0x0000000705a00000|100%|HS|  |TAMS 0x0000000705a00000, 0x0000000705800000| Complete 
|   6|0x0000000705a00000, 0x0000000705c00000, 0x0000000705c00000|100%| O|  |TAMS 0x0000000705c00000, 0x0000000705a00000| Untracked 
|   7|0x0000000705c00000, 0x0000000705e00000, 0x0000000705e00000|100%| O|  |TAMS 0x0000000705e00000, 0x0000000705c00000| Untracked 
|   8|0x0000000705e00000, 0x0000000706000000, 0x0000000706000000|100%| O|  |TAMS 0x0000000706000000, 0x0000000705e00000| Untracked 
|   9|0x0000000706000000, 0x0000000706200000, 0x0000000706200000|100%| O|  |TAMS 0x0000000706200000, 0x0000000706000000| Untracked 
|  10|0x0000000706200000, 0x000000070622de00, 0x0000000706400000|  8%| O|  |TAMS 0x000000070622de00, 0x0000000706200000| Untracked 
|  11|0x0000000706400000, 0x0000000706600000, 0x0000000706600000|100%| O|  |TAMS 0x0000000706600000, 0x0000000706400000| Untracked 
|  12|0x0000000706600000, 0x0000000706800000, 0x0000000706800000|100%| O|  |TAMS 0x0000000706800000, 0x0000000706600000| Untracked 
|  13|0x0000000706800000, 0x0000000706a00000, 0x0000000706a00000|100%| O|  |TAMS 0x0000000706a00000, 0x0000000706800000| Untracked 
|  14|0x0000000706a00000, 0x0000000706c00000, 0x0000000706c00000|100%| O|  |TAMS 0x0000000706c00000, 0x0000000706a00000| Untracked 
|  15|0x0000000706c00000, 0x0000000706e00000, 0x0000000706e00000|100%| O|  |TAMS 0x0000000706e00000, 0x0000000706c00000| Untracked 
|  16|0x0000000706e00000, 0x0000000707000000, 0x0000000707000000|100%| O|  |TAMS 0x0000000707000000, 0x0000000706e00000| Untracked 
|  17|0x0000000707000000, 0x0000000707200000, 0x0000000707200000|100%| O|  |TAMS 0x0000000707200000, 0x0000000707000000| Untracked 
|  18|0x0000000707200000, 0x0000000707400000, 0x0000000707400000|100%| O|  |TAMS 0x000000070739b800, 0x0000000707200000| Untracked 
|  19|0x0000000707400000, 0x0000000707600000, 0x0000000707600000|100%| O|  |TAMS 0x0000000707400000, 0x0000000707400000| Untracked 
|  20|0x0000000707600000, 0x0000000707800000, 0x0000000707800000|100%| O|  |TAMS 0x0000000707600000, 0x0000000707600000| Untracked 
|  21|0x0000000707800000, 0x0000000707a00000, 0x0000000707a00000|100%| O|  |TAMS 0x0000000707800000, 0x0000000707800000| Untracked 
|  22|0x0000000707a00000, 0x0000000707c00000, 0x0000000707c00000|100%| O|  |TAMS 0x0000000707a00000, 0x0000000707a00000| Untracked 
|  23|0x0000000707c00000, 0x0000000707e00000, 0x0000000707e00000|100%| O|  |TAMS 0x0000000707c00000, 0x0000000707c00000| Untracked 
|  24|0x0000000707e00000, 0x0000000708000000, 0x0000000708000000|100%| O|  |TAMS 0x0000000707e00000, 0x0000000707e00000| Untracked 
|  25|0x0000000708000000, 0x0000000708200000, 0x0000000708200000|100%| O|  |TAMS 0x0000000708000000, 0x0000000708000000| Untracked 
|  26|0x0000000708200000, 0x0000000708400000, 0x0000000708400000|100%| O|  |TAMS 0x0000000708200000, 0x0000000708200000| Untracked 
|  27|0x0000000708400000, 0x0000000708600000, 0x0000000708600000|100%| O|  |TAMS 0x0000000708400000, 0x0000000708400000| Untracked 
|  28|0x0000000708600000, 0x0000000708600000, 0x0000000708800000|  0%| F|  |TAMS 0x0000000708600000, 0x0000000708600000| Untracked 
|  29|0x0000000708800000, 0x0000000708800000, 0x0000000708a00000|  0%| F|  |TAMS 0x0000000708800000, 0x0000000708800000| Untracked 
|  30|0x0000000708a00000, 0x0000000708a00000, 0x0000000708c00000|  0%| F|  |TAMS 0x0000000708a00000, 0x0000000708a00000| Untracked 
|  31|0x0000000708c00000, 0x0000000708d90600, 0x0000000708e00000| 78%| O|  |TAMS 0x0000000708c00000, 0x0000000708c00000| Untracked 
|  32|0x0000000708e00000, 0x0000000708e00000, 0x0000000709000000|  0%| F|  |TAMS 0x0000000708e00000, 0x0000000708e00000| Untracked 
|  33|0x0000000709000000, 0x0000000709000000, 0x0000000709200000|  0%| F|  |TAMS 0x0000000709000000, 0x0000000709000000| Untracked 
|  34|0x0000000709200000, 0x0000000709200000, 0x0000000709400000|  0%| F|  |TAMS 0x0000000709200000, 0x0000000709200000| Untracked 
|  35|0x0000000709400000, 0x0000000709400000, 0x0000000709600000|  0%| F|  |TAMS 0x0000000709400000, 0x0000000709400000| Untracked 
|  36|0x0000000709600000, 0x0000000709600000, 0x0000000709800000|  0%| F|  |TAMS 0x0000000709600000, 0x0000000709600000| Untracked 
|  37|0x0000000709800000, 0x0000000709800000, 0x0000000709a00000|  0%| F|  |TAMS 0x0000000709800000, 0x0000000709800000| Untracked 
|  38|0x0000000709a00000, 0x0000000709a00000, 0x0000000709c00000|  0%| F|  |TAMS 0x0000000709a00000, 0x0000000709a00000| Untracked 
|  39|0x0000000709c00000, 0x0000000709cf75c0, 0x0000000709e00000| 48%| S|CS|TAMS 0x0000000709c00000, 0x0000000709c00000| Complete 
|  40|0x0000000709e00000, 0x000000070a000000, 0x000000070a000000|100%| S|CS|TAMS 0x0000000709e00000, 0x0000000709e00000| Complete 
|  41|0x000000070a000000, 0x000000070a200000, 0x000000070a200000|100%| S|CS|TAMS 0x000000070a000000, 0x000000070a000000| Complete 
|  42|0x000000070a200000, 0x000000070a200000, 0x000000070a400000|  0%| F|  |TAMS 0x000000070a200000, 0x000000070a200000| Untracked 
|  43|0x000000070a400000, 0x000000070a400000, 0x000000070a600000|  0%| F|  |TAMS 0x000000070a400000, 0x000000070a400000| Untracked 
|  44|0x000000070a600000, 0x000000070a600000, 0x000000070a800000|  0%| F|  |TAMS 0x000000070a600000, 0x000000070a600000| Untracked 
|  45|0x000000070a800000, 0x000000070a800000, 0x000000070aa00000|  0%| F|  |TAMS 0x000000070a800000, 0x000000070a800000| Untracked 
|  46|0x000000070aa00000, 0x000000070aa00000, 0x000000070ac00000|  0%| F|  |TAMS 0x000000070aa00000, 0x000000070aa00000| Untracked 
|  47|0x000000070ac00000, 0x000000070ac00000, 0x000000070ae00000|  0%| F|  |TAMS 0x000000070ac00000, 0x000000070ac00000| Untracked 
|  48|0x000000070ae00000, 0x000000070ae00000, 0x000000070b000000|  0%| F|  |TAMS 0x000000070ae00000, 0x000000070ae00000| Untracked 
|  49|0x000000070b000000, 0x000000070b000000, 0x000000070b200000|  0%| F|  |TAMS 0x000000070b000000, 0x000000070b000000| Untracked 
|  50|0x000000070b200000, 0x000000070b200000, 0x000000070b400000|  0%| F|  |TAMS 0x000000070b200000, 0x000000070b200000| Untracked 
|  51|0x000000070b400000, 0x000000070b400000, 0x000000070b600000|  0%| F|  |TAMS 0x000000070b400000, 0x000000070b400000| Untracked 
|  52|0x000000070b600000, 0x000000070b600000, 0x000000070b800000|  0%| F|  |TAMS 0x000000070b600000, 0x000000070b600000| Untracked 
|  53|0x000000070b800000, 0x000000070b800000, 0x000000070ba00000|  0%| F|  |TAMS 0x000000070b800000, 0x000000070b800000| Untracked 
|  54|0x000000070ba00000, 0x000000070ba00000, 0x000000070bc00000|  0%| F|  |TAMS 0x000000070ba00000, 0x000000070ba00000| Untracked 
|  55|0x000000070bc00000, 0x000000070bc00000, 0x000000070be00000|  0%| F|  |TAMS 0x000000070bc00000, 0x000000070bc00000| Untracked 
|  56|0x000000070be00000, 0x000000070be00000, 0x000000070c000000|  0%| F|  |TAMS 0x000000070be00000, 0x000000070be00000| Untracked 
|  57|0x000000070c000000, 0x000000070c000000, 0x000000070c200000|  0%| F|  |TAMS 0x000000070c000000, 0x000000070c000000| Untracked 
|  58|0x000000070c200000, 0x000000070c200000, 0x000000070c400000|  0%| F|  |TAMS 0x000000070c200000, 0x000000070c200000| Untracked 
|  59|0x000000070c400000, 0x000000070c400000, 0x000000070c600000|  0%| F|  |TAMS 0x000000070c400000, 0x000000070c400000| Untracked 
|  60|0x000000070c600000, 0x000000070c600000, 0x000000070c800000|  0%| F|  |TAMS 0x000000070c600000, 0x000000070c600000| Untracked 
|  61|0x000000070c800000, 0x000000070c800000, 0x000000070ca00000|  0%| F|  |TAMS 0x000000070c800000, 0x000000070c800000| Untracked 
|  62|0x000000070ca00000, 0x000000070ca00000, 0x000000070cc00000|  0%| F|  |TAMS 0x000000070ca00000, 0x000000070ca00000| Untracked 
|  63|0x000000070cc00000, 0x000000070cc00000, 0x000000070ce00000|  0%| F|  |TAMS 0x000000070cc00000, 0x000000070cc00000| Untracked 
|  64|0x000000070ce00000, 0x000000070ce00000, 0x000000070d000000|  0%| F|  |TAMS 0x000000070ce00000, 0x000000070ce00000| Untracked 
|  65|0x000000070d000000, 0x000000070d000000, 0x000000070d200000|  0%| F|  |TAMS 0x000000070d000000, 0x000000070d000000| Untracked 
|  66|0x000000070d200000, 0x000000070d200000, 0x000000070d400000|  0%| F|  |TAMS 0x000000070d200000, 0x000000070d200000| Untracked 
|  67|0x000000070d400000, 0x000000070d400000, 0x000000070d600000|  0%| F|  |TAMS 0x000000070d400000, 0x000000070d400000| Untracked 
|  68|0x000000070d600000, 0x000000070d600000, 0x000000070d800000|  0%| F|  |TAMS 0x000000070d600000, 0x000000070d600000| Untracked 
|  69|0x000000070d800000, 0x000000070d800000, 0x000000070da00000|  0%| F|  |TAMS 0x000000070d800000, 0x000000070d800000| Untracked 
|  70|0x000000070da00000, 0x000000070da00000, 0x000000070dc00000|  0%| F|  |TAMS 0x000000070da00000, 0x000000070da00000| Untracked 
|  71|0x000000070dc00000, 0x000000070dc00000, 0x000000070de00000|  0%| F|  |TAMS 0x000000070dc00000, 0x000000070dc00000| Untracked 
|  72|0x000000070de00000, 0x000000070de00000, 0x000000070e000000|  0%| F|  |TAMS 0x000000070de00000, 0x000000070de00000| Untracked 
|  73|0x000000070e000000, 0x000000070e000000, 0x000000070e200000|  0%| F|  |TAMS 0x000000070e000000, 0x000000070e000000| Untracked 
|  74|0x000000070e200000, 0x000000070e200000, 0x000000070e400000|  0%| F|  |TAMS 0x000000070e200000, 0x000000070e200000| Untracked 
|  75|0x000000070e400000, 0x000000070e400000, 0x000000070e600000|  0%| F|  |TAMS 0x000000070e400000, 0x000000070e400000| Untracked 
|  76|0x000000070e600000, 0x000000070e600000, 0x000000070e800000|  0%| F|  |TAMS 0x000000070e600000, 0x000000070e600000| Untracked 
|  77|0x000000070e800000, 0x000000070e800000, 0x000000070ea00000|  0%| F|  |TAMS 0x000000070e800000, 0x000000070e800000| Untracked 
|  78|0x000000070ea00000, 0x000000070ea00000, 0x000000070ec00000|  0%| F|  |TAMS 0x000000070ea00000, 0x000000070ea00000| Untracked 
|  79|0x000000070ec00000, 0x000000070ec00000, 0x000000070ee00000|  0%| F|  |TAMS 0x000000070ec00000, 0x000000070ec00000| Untracked 
|  80|0x000000070ee00000, 0x000000070ee00000, 0x000000070f000000|  0%| F|  |TAMS 0x000000070ee00000, 0x000000070ee00000| Untracked 
|  81|0x000000070f000000, 0x000000070f000000, 0x000000070f200000|  0%| F|  |TAMS 0x000000070f000000, 0x000000070f000000| Untracked 
|  82|0x000000070f200000, 0x000000070f200000, 0x000000070f400000|  0%| F|  |TAMS 0x000000070f200000, 0x000000070f200000| Untracked 
|  83|0x000000070f400000, 0x000000070f400000, 0x000000070f600000|  0%| F|  |TAMS 0x000000070f400000, 0x000000070f400000| Untracked 
|  84|0x000000070f600000, 0x000000070f600000, 0x000000070f800000|  0%| F|  |TAMS 0x000000070f600000, 0x000000070f600000| Untracked 
|  85|0x000000070f800000, 0x000000070f800000, 0x000000070fa00000|  0%| F|  |TAMS 0x000000070f800000, 0x000000070f800000| Untracked 
|  86|0x000000070fa00000, 0x000000070fa00000, 0x000000070fc00000|  0%| F|  |TAMS 0x000000070fa00000, 0x000000070fa00000| Untracked 
|  87|0x000000070fc00000, 0x000000070fc00000, 0x000000070fe00000|  0%| F|  |TAMS 0x000000070fc00000, 0x000000070fc00000| Untracked 
|  88|0x000000070fe00000, 0x000000070fe00000, 0x0000000710000000|  0%| F|  |TAMS 0x000000070fe00000, 0x000000070fe00000| Untracked 
|  89|0x0000000710000000, 0x0000000710000000, 0x0000000710200000|  0%| F|  |TAMS 0x0000000710000000, 0x0000000710000000| Untracked 
| 125|0x0000000714800000, 0x0000000714800000, 0x0000000714a00000|  0%| F|  |TAMS 0x0000000714800000, 0x0000000714800000| Untracked 

Card table byte_map: [0x000002b449230000,0x000002b449a10000] _byte_map_base: 0x000002b445a09000

Marking Bits (Prev, Next): (CMBitMap*) 0x000002b43ff33a40, (CMBitMap*) 0x000002b43ff33a00
 Prev Bits: [0x000002b44e0c0000, 0x000002b451f88000)
 Next Bits: [0x000002b44a1f0000, 0x000002b44e0b8000)

Polling page: 0x000002b440180000

Metaspace:

Usage:
  Non-class:     68.43 MB used.
      Class:     11.23 MB used.
       Both:     79.65 MB used.

Virtual space:
  Non-class space:      128.00 MB reserved,      68.75 MB ( 54%) committed,  2 nodes.
      Class space:        1.00 GB reserved,      11.50 MB (  1%) committed,  1 nodes.
             Both:        1.12 GB reserved,      80.25 MB (  7%) committed. 

Chunk freelists:
   Non-Class:  10.48 MB
       Class:  4.45 MB
        Both:  14.94 MB

MaxMetaspaceSize: unlimited
CompressedClassSpaceSize: 1.00 GB
Initial GC threshold: 21.00 MB
Current GC threshold: 98.69 MB
CDS: on
MetaspaceReclaimPolicy: balanced
 - commit_granule_bytes: 65536.
 - commit_granule_words: 8192.
 - virtual_space_node_default_size: 8388608.
 - enlarge_chunks_in_place: 1.
 - new_chunks_are_fully_committed: 0.
 - uncommit_free_chunks: 1.
 - use_allocation_guard: 0.
 - handle_deallocations: 1.


Internal statistics:

num_allocs_failed_limit: 9.
num_arena_births: 1014.
num_arena_deaths: 0.
num_vsnodes_births: 3.
num_vsnodes_deaths: 0.
num_space_committed: 1282.
num_space_uncommitted: 0.
num_chunks_returned_to_freelist: 9.
num_chunks_taken_from_freelist: 4095.
num_chunk_merges: 9.
num_chunk_splits: 2975.
num_chunks_enlarged: 2319.
num_inconsistent_stats: 0.

CodeCache: size=49152Kb used=17808Kb max_used=17808Kb free=31343Kb
 bounds [0x000002b444fa0000, 0x000002b446110000, 0x000002b447fa0000]
 total_blobs=10276 nmethods=9054 adapters=1145
 compilation: enabled
              stopped_count=0, restarted_count=0
 full_count=0

Compilation events (20 events):
Event: 7.465 Thread 0x000002b49613ceb0 9046   !   1       jdk.proxy2.$Proxy199::value (29 bytes)
Event: 7.465 Thread 0x000002b49613ceb0 nmethod 9046 0x000002b446079f10 code [0x000002b44607a0c0, 0x000002b44607a2d8]
Event: 7.468 Thread 0x000002b49613ceb0 9047       1       java.lang.IllegalArgumentException::<init> (6 bytes)
Event: 7.468 Thread 0x000002b49613ceb0 nmethod 9047 0x000002b44607a410 code [0x000002b44607a5a0, 0x000002b44607a688]
Event: 7.469 Thread 0x000002b49613e3e0 9048  s!   1       org.bytedeco.javacpp.Loader::loadLibrary (1711 bytes)
Event: 7.469 Thread 0x000002b49613f9c0 9049       1       java.io.File::<init> (196 bytes)
Event: 7.469 Thread 0x000002b49613f9c0 nmethod 9049 0x000002b44607a710 code [0x000002b44607a980, 0x000002b44607b1a8]
Event: 7.478 Thread 0x000002b49613e3e0 nmethod 9048 0x000002b44607b590 code [0x000002b44607c8a0, 0x000002b446089b68]
Event: 7.520 Thread 0x000002b49613e3e0 9050   !   1       jdk.proxy2.$Proxy199::extension (29 bytes)
Event: 7.520 Thread 0x000002b49602c360 9051   !   1       java.lang.Class::newInstance (134 bytes)
Event: 7.520 Thread 0x000002b49613f9c0 9052       1       jdk.internal.reflect.ReflectionFactory::newInstance (13 bytes)
Event: 7.520 Thread 0x000002b49613ceb0 9053       1       java.lang.reflect.ReflectAccess::newInstance (8 bytes)
Event: 7.520 Thread 0x000002b49613ceb0 nmethod 9053 0x000002b4460fa710 code [0x000002b4460fa8a0, 0x000002b4460fa988]
Event: 7.520 Thread 0x000002b49613e3e0 nmethod 9050 0x000002b4460faa10 code [0x000002b4460fabc0, 0x000002b4460fadd8]
Event: 7.520 Thread 0x000002b49613f9c0 nmethod 9052 0x000002b4460faf10 code [0x000002b4460fb0a0, 0x000002b4460fb1e8]
Event: 7.521 Thread 0x000002b49602c360 nmethod 9051 0x000002b4460fb310 code [0x000002b4460fb5e0, 0x000002b4460fc108]
Event: 7.525 Thread 0x000002b49602c360 9054       1       org.bytedeco.javacpp.Loader::isLoadLibraries (56 bytes)
Event: 7.525 Thread 0x000002b49602c360 nmethod 9054 0x000002b4460fca90 code [0x000002b4460fcd40, 0x000002b4460fd3e8]
Event: 7.555 Thread 0x000002b49602c360 9055       1       org.bytedeco.javacpp.ClassProperties::getProperty (30 bytes)
Event: 7.556 Thread 0x000002b49602c360 nmethod 9055 0x000002b446103990 code [0x000002b446103b80, 0x000002b446103f48]

GC Heap History (20 events):
Event: 4.818 GC heap after
{Heap after GC invocations=12 (full 0):
 garbage-first heap   total 122880K, used 42789K [0x0000000704e00000, 0x0000000800000000)
  region size 2048K, 3 young (6144K), 3 survivors (6144K)
 Metaspace       used 52349K, committed 52864K, reserved 1114112K
  class space    used 7527K, committed 7744K, reserved 1048576K
}
Event: 5.187 GC heap before
{Heap before GC invocations=12 (full 0):
 garbage-first heap   total 122880K, used 81701K [0x0000000704e00000, 0x0000000800000000)
  region size 2048K, 24 young (49152K), 3 survivors (6144K)
 Metaspace       used 59991K, committed 60416K, reserved 1114112K
  class space    used 8769K, committed 8960K, reserved 1048576K
}
Event: 5.195 GC heap after
{Heap after GC invocations=13 (full 0):
 garbage-first heap   total 147456K, used 44174K [0x0000000704e00000, 0x0000000800000000)
  region size 2048K, 3 young (6144K), 3 survivors (6144K)
 Metaspace       used 59991K, committed 60416K, reserved 1114112K
  class space    used 8769K, committed 8960K, reserved 1048576K
}
Event: 6.053 GC heap before
{Heap before GC invocations=14 (full 0):
 garbage-first heap   total 147456K, used 113806K [0x0000000704e00000, 0x0000000800000000)
  region size 2048K, 37 young (75776K), 3 survivors (6144K)
 Metaspace       used 64272K, committed 64832K, reserved 1114112K
  class space    used 9496K, committed 9728K, reserved 1048576K
}
Event: 6.060 GC heap after
{Heap after GC invocations=15 (full 0):
 garbage-first heap   total 147456K, used 47844K [0x0000000704e00000, 0x0000000800000000)
  region size 2048K, 5 young (10240K), 5 survivors (10240K)
 Metaspace       used 64272K, committed 64832K, reserved 1114112K
  class space    used 9496K, committed 9728K, reserved 1048576K
}
Event: 6.403 GC heap before
{Heap before GC invocations=15 (full 0):
 garbage-first heap   total 147456K, used 113380K [0x0000000704e00000, 0x0000000800000000)
  region size 2048K, 37 young (75776K), 5 survivors (10240K)
 Metaspace       used 71316K, committed 71936K, reserved 1114112K
  class space    used 10699K, committed 11008K, reserved 1048576K
}
Event: 6.414 GC heap after
{Heap after GC invocations=16 (full 0):
 garbage-first heap   total 147456K, used 52570K [0x0000000704e00000, 0x0000000800000000)
  region size 2048K, 5 young (10240K), 5 survivors (10240K)
 Metaspace       used 71316K, committed 71936K, reserved 1114112K
  class space    used 10699K, committed 11008K, reserved 1048576K
}
Event: 6.702 GC heap before
{Heap before GC invocations=16 (full 0):
 garbage-first heap   total 147456K, used 114010K [0x0000000704e00000, 0x0000000800000000)
  region size 2048K, 35 young (71680K), 5 survivors (10240K)
 Metaspace       used 74002K, committed 74688K, reserved 1114112K
  class space    used 11063K, committed 11392K, reserved 1048576K
}
Event: 6.708 GC heap after
{Heap after GC invocations=17 (full 0):
 garbage-first heap   total 147456K, used 55765K [0x0000000704e00000, 0x0000000800000000)
  region size 2048K, 5 young (10240K), 5 survivors (10240K)
 Metaspace       used 74002K, committed 74688K, reserved 1114112K
  class space    used 11063K, committed 11392K, reserved 1048576K
}
Event: 6.866 GC heap before
{Heap before GC invocations=17 (full 0):
 garbage-first heap   total 147456K, used 113109K [0x0000000704e00000, 0x0000000800000000)
  region size 2048K, 33 young (67584K), 5 survivors (10240K)
 Metaspace       used 74806K, committed 75456K, reserved 1114112K
  class space    used 11200K, committed 11520K, reserved 1048576K
}
Event: 6.871 GC heap after
{Heap after GC invocations=18 (full 0):
 garbage-first heap   total 147456K, used 58517K [0x0000000704e00000, 0x0000000800000000)
  region size 2048K, 4 young (8192K), 4 survivors (8192K)
 Metaspace       used 74806K, committed 75456K, reserved 1114112K
  class space    used 11200K, committed 11520K, reserved 1048576K
}
Event: 7.095 GC heap before
{Heap before GC invocations=18 (full 0):
 garbage-first heap   total 147456K, used 115861K [0x0000000704e00000, 0x0000000800000000)
  region size 2048K, 32 young (65536K), 4 survivors (8192K)
 Metaspace       used 76214K, committed 76864K, reserved 1179648K
  class space    used 11375K, committed 11648K, reserved 1048576K
}
Event: 7.100 GC heap after
{Heap after GC invocations=19 (full 0):
 garbage-first heap   total 180224K, used 60384K [0x0000000704e00000, 0x0000000800000000)
  region size 2048K, 3 young (6144K), 3 survivors (6144K)
 Metaspace       used 76214K, committed 76864K, reserved 1179648K
  class space    used 11375K, committed 11648K, reserved 1048576K
}
Event: 7.278 GC heap before
{Heap before GC invocations=19 (full 0):
 garbage-first heap   total 180224K, used 144352K [0x0000000704e00000, 0x0000000800000000)
  region size 2048K, 44 young (90112K), 3 survivors (6144K)
 Metaspace       used 76863K, committed 77504K, reserved 1179648K
  class space    used 11459K, committed 11776K, reserved 1048576K
}
Event: 7.282 GC heap after
{Heap after GC invocations=20 (full 0):
 garbage-first heap   total 180224K, used 61904K [0x0000000704e00000, 0x0000000800000000)
  region size 2048K, 4 young (8192K), 4 survivors (8192K)
 Metaspace       used 76863K, committed 77504K, reserved 1179648K
  class space    used 11459K, committed 11776K, reserved 1048576K
}
Event: 7.457 GC heap before
{Heap before GC invocations=20 (full 0):
 garbage-first heap   total 180224K, used 145872K [0x0000000704e00000, 0x0000000800000000)
  region size 2048K, 45 young (92160K), 4 survivors (8192K)
 Metaspace       used 77069K, committed 77696K, reserved 1179648K
  class space    used 11481K, committed 11776K, reserved 1048576K
}
Event: 7.461 GC heap after
{Heap after GC invocations=21 (full 0):
 garbage-first heap   total 180224K, used 62127K [0x0000000704e00000, 0x0000000800000000)
  region size 2048K, 4 young (8192K), 4 survivors (8192K)
 Metaspace       used 77069K, committed 77696K, reserved 1179648K
  class space    used 11481K, committed 11776K, reserved 1048576K
}
Event: 7.700 GC heap before
{Heap before GC invocations=21 (full 0):
 garbage-first heap   total 180224K, used 154287K [0x0000000704e00000, 0x0000000800000000)
  region size 2048K, 46 young (94208K), 4 survivors (8192K)
 Metaspace       used 81563K, committed 82176K, reserved 1179648K
  class space    used 11495K, committed 11776K, reserved 1048576K
}
Event: 7.703 GC heap after
{Heap after GC invocations=22 (full 0):
 garbage-first heap   total 180224K, used 62400K [0x0000000704e00000, 0x0000000800000000)
  region size 2048K, 3 young (6144K), 3 survivors (6144K)
 Metaspace       used 81563K, committed 82176K, reserved 1179648K
  class space    used 11495K, committed 11776K, reserved 1048576K
}
Event: 7.868 GC heap before
{Heap before GC invocations=22 (full 0):
 garbage-first heap   total 180224K, used 150464K [0x0000000704e00000, 0x0000000800000000)
  region size 2048K, 46 young (94208K), 3 survivors (6144K)
 Metaspace       used 81563K, committed 82176K, reserved 1179648K
  class space    used 11495K, committed 11776K, reserved 1048576K
}

Dll operation events (4 events):
Event: 0.011 Loaded shared library C:\Users\ghodb\.jdks\jbr-17.0.12\bin\java.dll
Event: 0.033 Loaded shared library C:\Users\ghodb\.jdks\jbr-17.0.12\bin\jsvml.dll
Event: 0.078 Loaded shared library C:\Users\ghodb\.jdks\jbr-17.0.12\bin\zip.dll
Event: 0.789 Loaded shared library C:\Users\ghodb\.jdks\jbr-17.0.12\bin\verify.dll

Deoptimization events (12 events):
Event: 2.664 Thread 0x000002b43fec41a0 DEOPT PACKING pc=0x000002b445778c84 sp=0x000000fcb66fec80
Event: 2.664 Thread 0x000002b43fec41a0 DEOPT UNPACKING pc=0x000002b444ff7143 sp=0x000000fcb66fe120 mode 0
Event: 5.522 Thread 0x000002b43fec41a0 DEOPT PACKING pc=0x000002b445d1447d sp=0x000000fcb66f9dd0
Event: 5.522 Thread 0x000002b43fec41a0 DEOPT UNPACKING pc=0x000002b444ff7143 sp=0x000000fcb66f9280 mode 0
Event: 5.537 Thread 0x000002b43fec41a0 DEOPT PACKING pc=0x000002b445d0d85c sp=0x000000fcb66f9a30
Event: 5.537 Thread 0x000002b43fec41a0 DEOPT UNPACKING pc=0x000002b444ff7143 sp=0x000000fcb66f8fb8 mode 0
Event: 6.159 Thread 0x000002b43fec41a0 DEOPT PACKING pc=0x000002b4455caad4 sp=0x000000fcb66fb660
Event: 6.159 Thread 0x000002b43fec41a0 DEOPT UNPACKING pc=0x000002b444ff7143 sp=0x000000fcb66fabb8 mode 0
Event: 6.512 Thread 0x000002b43fec41a0 DEOPT PACKING pc=0x000002b44563b452 sp=0x000000fcb66fc8f0
Event: 6.512 Thread 0x000002b43fec41a0 DEOPT UNPACKING pc=0x000002b444ff7143 sp=0x000000fcb66fbdf8 mode 3
Event: 6.513 Thread 0x000002b43fec41a0 DEOPT PACKING pc=0x000002b4455cec55 sp=0x000000fcb66fc8b0
Event: 6.513 Thread 0x000002b43fec41a0 DEOPT UNPACKING pc=0x000002b444ff7143 sp=0x000000fcb66fbdf8 mode 3

Classes loaded (20 events):
Event: 6.833 Loading class sun/util/resources/Bundles$2
Event: 6.833 Loading class sun/util/resources/Bundles$2 done
Event: 6.883 Loading class jdk/internal/reflect/UnsafeBooleanFieldAccessorImpl
Event: 6.884 Loading class jdk/internal/reflect/UnsafeBooleanFieldAccessorImpl done
Event: 6.905 Loading class java/time/Duration$1
Event: 6.905 Loading class java/time/Duration$1 done
Event: 6.995 Loading class java/util/EnumMap$EntrySet
Event: 6.995 Loading class java/util/EnumMap$EntrySet done
Event: 6.995 Loading class java/util/EnumMap$EntryIterator
Event: 6.995 Loading class java/util/EnumMap$EnumMapIterator
Event: 6.995 Loading class java/util/EnumMap$EnumMapIterator done
Event: 6.995 Loading class java/util/EnumMap$EntryIterator done
Event: 7.210 Loading class sun/security/util/ManifestEntryVerifier
Event: 7.210 Loading class sun/security/util/ManifestEntryVerifier done
Event: 7.215 Loading class java/nio/file/FileAlreadyExistsException
Event: 7.215 Loading class java/nio/file/FileAlreadyExistsException done
Event: 7.215 Loading class java/nio/file/FileVisitor
Event: 7.215 Loading class java/nio/file/FileVisitor done
Event: 7.221 Loading class sun/nio/fs/WindowsLinkSupport
Event: 7.221 Loading class sun/nio/fs/WindowsLinkSupport done

Classes unloaded (0 events):
No events

Classes redefined (0 events):
No events

Internal exceptions (20 events):
Event: 6.332 Thread 0x000002b43fec41a0 Exception <a 'java/lang/reflect/InvocationTargetException'{0x000000070b482928}> (0x000000070b482928) 
thrown [s\src\hotspot\share\runtime\reflection.cpp, line 1134]
Event: 6.548 Thread 0x000002b43fec41a0 Exception <a 'java/lang/NoSuchMethodError'{0x000000070c082148}: 'long java.lang.invoke.DirectMethodHandle$Holder.invokeVirtual(java.lang.Object, java.lang.Object)'> (0x000000070c082148) 
thrown [s\src\hotspot\share\interpreter\linkResolver.cpp, line 771]
Event: 6.615 Thread 0x000002b43fec41a0 Exception <a 'java/lang/reflect/InvocationTargetException'{0x000000070b5b8cf8}> (0x000000070b5b8cf8) 
thrown [s\src\hotspot\share\runtime\reflection.cpp, line 1134]
Event: 6.616 Thread 0x000002b43fec41a0 Exception <a 'java/lang/reflect/InvocationTargetException'{0x000000070b5c6828}> (0x000000070b5c6828) 
thrown [s\src\hotspot\share\runtime\reflection.cpp, line 1134]
Event: 6.642 Thread 0x000002b43fec41a0 Exception <a 'java/lang/reflect/InvocationTargetException'{0x000000070b15d428}> (0x000000070b15d428) 
thrown [s\src\hotspot\share\runtime\reflection.cpp, line 1134]
Event: 6.657 Thread 0x000002b43fec41a0 Exception <a 'java/lang/reflect/InvocationTargetException'{0x000000070ac67c10}> (0x000000070ac67c10) 
thrown [s\src\hotspot\share\runtime\reflection.cpp, line 1134]
Event: 6.658 Thread 0x000002b43fec41a0 Exception <a 'java/lang/reflect/InvocationTargetException'{0x000000070ac73cf8}> (0x000000070ac73cf8) 
thrown [s\src\hotspot\share\runtime\reflection.cpp, line 1134]
Event: 6.658 Thread 0x000002b43fec41a0 Exception <a 'java/lang/reflect/InvocationTargetException'{0x000000070ac844a0}> (0x000000070ac844a0) 
thrown [s\src\hotspot\share\runtime\reflection.cpp, line 1134]
Event: 6.689 Thread 0x000002b43fec41a0 Exception <a 'java/lang/reflect/InvocationTargetException'{0x000000070a742f78}> (0x000000070a742f78) 
thrown [s\src\hotspot\share\runtime\reflection.cpp, line 1134]
Event: 6.690 Thread 0x000002b43fec41a0 Exception <a 'java/lang/reflect/InvocationTargetException'{0x000000070a75ca48}> (0x000000070a75ca48) 
thrown [s\src\hotspot\share\runtime\reflection.cpp, line 1134]
Event: 6.691 Thread 0x000002b43fec41a0 Exception <a 'java/lang/reflect/InvocationTargetException'{0x000000070a767780}> (0x000000070a767780) 
thrown [s\src\hotspot\share\runtime\reflection.cpp, line 1134]
Event: 6.692 Thread 0x000002b43fec41a0 Exception <a 'java/lang/reflect/InvocationTargetException'{0x000000070a772d68}> (0x000000070a772d68) 
thrown [s\src\hotspot\share\runtime\reflection.cpp, line 1134]
Event: 6.694 Thread 0x000002b43fec41a0 Exception <a 'java/lang/reflect/InvocationTargetException'{0x000000070a42e150}> (0x000000070a42e150) 
thrown [s\src\hotspot\share\runtime\reflection.cpp, line 1134]
Event: 6.701 Thread 0x000002b43fec41a0 Exception <a 'java/lang/reflect/InvocationTargetException'{0x000000070a377f38}> (0x000000070a377f38) 
thrown [s\src\hotspot\share\runtime\reflection.cpp, line 1134]
Event: 6.716 Thread 0x000002b43fec41a0 Exception <a 'java/lang/reflect/InvocationTargetException'{0x000000070fe81dd8}> (0x000000070fe81dd8) 
thrown [s\src\hotspot\share\runtime\reflection.cpp, line 1134]
Event: 6.718 Thread 0x000002b43fec41a0 Exception <a 'java/lang/reflect/InvocationTargetException'{0x000000070fea3148}> (0x000000070fea3148) 
thrown [s\src\hotspot\share\runtime\reflection.cpp, line 1134]
Event: 6.804 Thread 0x000002b43fec41a0 Exception <a 'java/io/FileNotFoundException'{0x000000070bd3ad58}> (0x000000070bd3ad58) 
thrown [s\src\hotspot\share\prims\jni.cpp, line 531]
Event: 6.805 Thread 0x000002b43fec41a0 Exception <a 'java/io/FileNotFoundException'{0x000000070bd469c8}> (0x000000070bd469c8) 
thrown [s\src\hotspot\share\prims\jni.cpp, line 531]
Event: 6.981 Thread 0x000002b43fec41a0 Exception <a 'sun/nio/fs/WindowsException'{0x000000070c83ac40}> (0x000000070c83ac40) 
thrown [s\src\hotspot\share\prims\jni.cpp, line 531]
Event: 7.217 Thread 0x000002b43fec41a0 Exception <a 'java/lang/NoSuchMethodError'{0x000000070c0529c8}: 'int java.lang.invoke.DirectMethodHandle$Holder.invokeStaticInit(java.lang.Object, java.lang.Object, java.lang.Object, java.lang.Object)'> (0x000000070c0529c8) 
thrown [s\src\hotspot\share\interpreter\linkResolver.cpp, line 771]

VM Operations (20 events):
Event: 6.527 Executing VM operation: HandshakeAllThreads done
Event: 6.528 Executing VM operation: HandshakeAllThreads
Event: 6.528 Executing VM operation: HandshakeAllThreads done
Event: 6.552 Executing VM operation: HandshakeAllThreads
Event: 6.552 Executing VM operation: HandshakeAllThreads done
Event: 6.628 Executing VM operation: HandshakeAllThreads
Event: 6.628 Executing VM operation: HandshakeAllThreads done
Event: 6.702 Executing VM operation: G1CollectForAllocation
Event: 6.708 Executing VM operation: G1CollectForAllocation done
Event: 6.865 Executing VM operation: G1CollectForAllocation
Event: 6.871 Executing VM operation: G1CollectForAllocation done
Event: 7.095 Executing VM operation: G1CollectForAllocation
Event: 7.100 Executing VM operation: G1CollectForAllocation done
Event: 7.278 Executing VM operation: G1CollectForAllocation
Event: 7.282 Executing VM operation: G1CollectForAllocation done
Event: 7.457 Executing VM operation: G1CollectForAllocation
Event: 7.461 Executing VM operation: G1CollectForAllocation done
Event: 7.700 Executing VM operation: G1CollectForAllocation
Event: 7.703 Executing VM operation: G1CollectForAllocation done
Event: 7.868 Executing VM operation: G1CollectForAllocation

Events (20 events):
Event: 7.359 Loaded shared library C:\Users\ghodb\.javacpp\cache\javacpp-1.5.7-windows-x86_64.jar\org\bytedeco\javacpp\windows-x86_64\api-ms-win-core-file-l1-2-0.dll
Event: 7.365 Loaded shared library C:\Users\ghodb\.javacpp\cache\javacpp-1.5.7-windows-x86_64.jar\org\bytedeco\javacpp\windows-x86_64\api-ms-win-core-profile-l1-1-0.dll
Event: 7.371 Loaded shared library C:\Users\ghodb\.javacpp\cache\javacpp-1.5.7-windows-x86_64.jar\org\bytedeco\javacpp\windows-x86_64\api-ms-win-core-memory-l1-1-0.dll
Event: 7.378 Loaded shared library C:\Users\ghodb\.javacpp\cache\javacpp-1.5.7-windows-x86_64.jar\org\bytedeco\javacpp\windows-x86_64\api-ms-win-core-util-l1-1-0.dll
Event: 7.385 Loaded shared library C:\Users\ghodb\.javacpp\cache\javacpp-1.5.7-windows-x86_64.jar\org\bytedeco\javacpp\windows-x86_64\api-ms-win-core-interlocked-l1-1-0.dll
Event: 7.392 Loaded shared library C:\Users\ghodb\.javacpp\cache\javacpp-1.5.7-windows-x86_64.jar\org\bytedeco\javacpp\windows-x86_64\ucrtbase.dll
Event: 7.399 Loaded shared library C:\Users\ghodb\.javacpp\cache\javacpp-1.5.7-windows-x86_64.jar\org\bytedeco\javacpp\windows-x86_64\vcruntime140.dll
Event: 7.405 Loaded shared library C:\Users\ghodb\.javacpp\cache\javacpp-1.5.7-windows-x86_64.jar\org\bytedeco\javacpp\windows-x86_64\vcruntime140_1.dll
Event: 7.412 Loaded shared library C:\Users\ghodb\.javacpp\cache\javacpp-1.5.7-windows-x86_64.jar\org\bytedeco\javacpp\windows-x86_64\msvcp140.dll
Event: 7.419 Loaded shared library C:\Users\ghodb\.javacpp\cache\javacpp-1.5.7-windows-x86_64.jar\org\bytedeco\javacpp\windows-x86_64\msvcp140_1.dll
Event: 7.426 Thread 0x000002b49c322780 Thread added: 0x000002b49c322780
Event: 7.426 Loaded shared library C:\Users\ghodb\.javacpp\cache\javacpp-1.5.7-windows-x86_64.jar\org\bytedeco\javacpp\windows-x86_64\concrt140.dll
Event: 7.430 Thread 0x000002b49c322780 Thread exited: 0x000002b49c322780
Event: 7.434 Loaded shared library C:\Users\ghodb\.javacpp\cache\javacpp-1.5.7-windows-x86_64.jar\org\bytedeco\javacpp\windows-x86_64\vcomp140.dll
Event: 7.441 Loaded shared library C:\Users\ghodb\.javacpp\cache\javacpp-1.5.7-windows-x86_64.jar\org\bytedeco\javacpp\windows-x86_64\jnijavacpp.dll
Event: 7.445 Thread 0x000002b49c322780 Thread added: 0x000002b49c322780
Event: 7.475 Loaded shared library C:\Users\ghodb\.javacpp\cache\openblas-0.3.23-1.5.9-windows-x86_64.jar\org\bytedeco\openblas\windows-x86_64\libopenblas_nolapack.dll
Event: 7.486 Loaded shared library C:\Users\ghodb\.javacpp\cache\openblas-0.3.23-1.5.9-windows-x86_64.jar\org\bytedeco\openblas\windows-x86_64\jniopenblas_nolapack.dll
Event: 7.530 Loaded shared library C:\Users\ghodb\.javacpp\cache\openblas-0.3.23-1.5.9-windows-x86_64.jar\org\bytedeco\openblas\windows-x86_64\libopenblas.dll
Event: 7.541 Loaded shared library C:\Users\ghodb\.javacpp\cache\openblas-0.3.23-1.5.9-windows-x86_64.jar\org\bytedeco\openblas\windows-x86_64\jniopenblas.dll


Dynamic libraries:
0x00007ff704c90000 - 0x00007ff704c9a000 	C:\Users\ghodb\.jdks\jbr-17.0.12\bin\java.exe
0x00007ffb8c960000 - 0x00007ffb8cbc7000 	C:\WINDOWS\SYSTEM32\ntdll.dll
0x00007ffb6c050000 - 0x00007ffb6c071000 	C:\Program Files\Avast Software\Avast\aswhook.dll
0x00007ffb8a9a0000 - 0x00007ffb8aa69000 	C:\WINDOWS\System32\KERNEL32.DLL
0x00007ffb89fa0000 - 0x00007ffb8a394000 	C:\WINDOWS\System32\KERNELBASE.dll
0x00007ffb8a3a0000 - 0x00007ffb8a4eb000 	C:\WINDOWS\System32\ucrtbase.dll
0x00007ffb27380000 - 0x00007ffb27397000 	C:\Users\ghodb\.jdks\jbr-17.0.12\bin\jli.dll
0x00007ffb27360000 - 0x00007ffb2737b000 	C:\Users\ghodb\.jdks\jbr-17.0.12\bin\VCRUNTIME140.dll
0x00007ffb8c6e0000 - 0x00007ffb8c8a5000 	C:\WINDOWS\System32\USER32.dll
0x00007ffb89230000 - 0x00007ffb89257000 	C:\WINDOWS\System32\win32u.dll
0x00007ffb8b840000 - 0x00007ffb8b86b000 	C:\WINDOWS\System32\GDI32.dll
0x00007ffb5f000000 - 0x00007ffb5f293000 	C:\WINDOWS\WinSxS\amd64_microsoft.windows.common-controls_6595b64144ccf1df_6.0.26100.8115_none_3e075c82e3354f9c\COMCTL32.dll
0x00007ffb89490000 - 0x00007ffb895bb000 	C:\WINDOWS\System32\gdi32full.dll
0x00007ffb8a8f0000 - 0x00007ffb8a999000 	C:\WINDOWS\System32\msvcrt.dll
0x00007ffb89260000 - 0x00007ffb89303000 	C:\WINDOWS\System32\msvcp_win.dll
0x00007ffb8aa70000 - 0x00007ffb8aaa2000 	C:\WINDOWS\System32\IMM32.DLL
0x00007ffb27da0000 - 0x00007ffb27dac000 	C:\Users\ghodb\.jdks\jbr-17.0.12\bin\vcruntime140_1.dll
0x00007ffb13b40000 - 0x00007ffb13bcd000 	C:\Users\ghodb\.jdks\jbr-17.0.12\bin\msvcp140.dll
0x00007ffacad70000 - 0x00007ffacb9fa000 	C:\Users\ghodb\.jdks\jbr-17.0.12\bin\server\jvm.dll
0x00007ffb8b290000 - 0x00007ffb8b346000 	C:\WINDOWS\System32\ADVAPI32.dll
0x00007ffb8c1a0000 - 0x00007ffb8c247000 	C:\WINDOWS\System32\sechost.dll
0x00007ffb8c5b0000 - 0x00007ffb8c6c8000 	C:\WINDOWS\System32\RPCRT4.dll
0x00007ffb8c3f0000 - 0x00007ffb8c470000 	C:\WINDOWS\System32\WS2_32.dll
0x00007ffb89090000 - 0x00007ffb890ee000 	C:\WINDOWS\SYSTEM32\POWRPROF.dll
0x00007ffb76780000 - 0x00007ffb7678b000 	C:\WINDOWS\SYSTEM32\VERSION.dll
0x00007ffb83c90000 - 0x00007ffb83cc6000 	C:\WINDOWS\SYSTEM32\WINMM.dll
0x00007ffb89070000 - 0x00007ffb89084000 	C:\WINDOWS\SYSTEM32\UMPDC.dll
0x00007ffb87fc0000 - 0x00007ffb87fdb000 	C:\WINDOWS\SYSTEM32\kernel.appcore.dll
0x00007ffb27530000 - 0x00007ffb2753a000 	C:\Users\ghodb\.jdks\jbr-17.0.12\bin\jimage.dll
0x00007ffb87130000 - 0x00007ffb87372000 	C:\WINDOWS\SYSTEM32\DBGHELP.DLL
0x00007ffb8ac90000 - 0x00007ffb8b012000 	C:\WINDOWS\System32\combase.dll
0x00007ffb8b870000 - 0x00007ffb8b948000 	C:\WINDOWS\System32\OLEAUT32.dll
0x00007ffb83c50000 - 0x00007ffb83c8b000 	C:\WINDOWS\SYSTEM32\dbgcore.DLL
0x00007ffb8a580000 - 0x00007ffb8a625000 	C:\WINDOWS\System32\bcryptPrimitives.dll
0x00007ffb27350000 - 0x00007ffb2735e000 	C:\Users\ghodb\.jdks\jbr-17.0.12\bin\instrument.dll
0x00007ffb26f60000 - 0x00007ffb26f85000 	C:\Users\ghodb\.jdks\jbr-17.0.12\bin\java.dll
0x00007ffb13010000 - 0x00007ffb130e7000 	C:\Users\ghodb\.jdks\jbr-17.0.12\bin\jsvml.dll
0x00007ffb8ba30000 - 0x00007ffb8c197000 	C:\WINDOWS\System32\SHELL32.dll
0x00007ffb89e30000 - 0x00007ffb89f9a000 	C:\WINDOWS\System32\wintypes.dll
0x00007ffb895c0000 - 0x00007ffb89e28000 	C:\WINDOWS\System32\windows.storage.dll
0x00007ffb8c480000 - 0x00007ffb8c578000 	C:\WINDOWS\System32\SHCORE.dll
0x00007ffb8b120000 - 0x00007ffb8b186000 	C:\WINDOWS\System32\shlwapi.dll
0x00007ffb89150000 - 0x00007ffb89179000 	C:\WINDOWS\SYSTEM32\profapi.dll
0x00007ffb264f0000 - 0x00007ffb26508000 	C:\Users\ghodb\.jdks\jbr-17.0.12\bin\zip.dll
0x00007ffb264d0000 - 0x00007ffb264e9000 	C:\Users\ghodb\.jdks\jbr-17.0.12\bin\net.dll
0x00007ffb80660000 - 0x00007ffb8078d000 	C:\WINDOWS\SYSTEM32\WINHTTP.dll
0x00007ffb88530000 - 0x00007ffb8859c000 	C:\WINDOWS\system32\mswsock.dll
0x00007ffb25c60000 - 0x00007ffb25c76000 	C:\Users\ghodb\.jdks\jbr-17.0.12\bin\nio.dll
0x00007ffb87a00000 - 0x00007ffb87b32000 	C:\WINDOWS\SYSTEM32\DNSAPI.dll
0x00007ffb87970000 - 0x00007ffb879a2000 	C:\WINDOWS\SYSTEM32\IPHLPAPI.DLL
0x00007ffb8c910000 - 0x00007ffb8c91a000 	C:\WINDOWS\System32\NSI.dll
0x00007ffb78210000 - 0x00007ffb7821b000 	C:\Windows\System32\rasadhlp.dll
0x00007ffb811a0000 - 0x00007ffb81226000 	C:\WINDOWS\System32\fwpuclnt.dll
0x00007ffb25c50000 - 0x00007ffb25c59000 	C:\Users\ghodb\.jdks\jbr-17.0.12\bin\extnet.dll
0x00007ffb25c40000 - 0x00007ffb25c49000 	C:\Users\ghodb\.jdks\jbr-17.0.12\bin\management.dll
0x00007ffb25c30000 - 0x00007ffb25c3b000 	C:\Users\ghodb\.jdks\jbr-17.0.12\bin\management_ext.dll
0x00007ffb8c900000 - 0x00007ffb8c908000 	C:\WINDOWS\System32\PSAPI.DLL
0x00007ffb88820000 - 0x00007ffb8883b000 	C:\WINDOWS\SYSTEM32\CRYPTSP.dll
0x00007ffb87f00000 - 0x00007ffb87f39000 	C:\WINDOWS\system32\rsaenh.dll
0x00007ffb885e0000 - 0x00007ffb88613000 	C:\WINDOWS\SYSTEM32\USERENV.dll
0x00007ffb89120000 - 0x00007ffb8914a000 	C:\WINDOWS\SYSTEM32\bcrypt.dll
0x00007ffb88810000 - 0x00007ffb8881c000 	C:\WINDOWS\SYSTEM32\CRYPTBASE.dll
0x00007ffb80b80000 - 0x00007ffb80b9d000 	C:\WINDOWS\SYSTEM32\dhcpcsvc6.DLL
0x00007ffb80ab0000 - 0x00007ffb80ad5000 	C:\WINDOWS\SYSTEM32\dhcpcsvc.DLL
0x00007ffb5c350000 - 0x00007ffb5c368000 	C:\WINDOWS\system32\napinsp.dll
0x00007ffb5bc50000 - 0x00007ffb5bc63000 	C:\WINDOWS\System32\winrnr.dll
0x00007ffb5b980000 - 0x00007ffb5b9a2000 	C:\WINDOWS\system32\nlansp_c.dll
0x00007ffb5b7c0000 - 0x00007ffb5b7d6000 	C:\WINDOWS\system32\wshbth.dll
0x00007ffb25c20000 - 0x00007ffb25c30000 	C:\Users\ghodb\.jdks\jbr-17.0.12\bin\verify.dll
0x00007ffb68910000 - 0x00007ffb68966000 	C:\WINDOWS\SYSTEM32\pdh.dll
0x00007ffb77c90000 - 0x00007ffb77ca2000 	C:\WINDOWS\System32\perfproc.dll
0x00007ffb32260000 - 0x00007ffb32271000 	C:\WINDOWS\System32\perfos.dll
0x00007ffb87660000 - 0x00007ffb87672000 	C:\WINDOWS\SYSTEM32\pfclient.dll
0x00007ffb264c0000 - 0x00007ffb264ce000 	C:\Users\ghodb\.jdks\jbr-17.0.12\bin\sunmscapi.dll
0x00007ffb89310000 - 0x00007ffb89487000 	C:\WINDOWS\System32\CRYPT32.dll
0x00007ffb88a30000 - 0x00007ffb88a60000 	C:\WINDOWS\SYSTEM32\ncrypt.dll
0x00007ffb889e0000 - 0x00007ffb88a1f000 	C:\WINDOWS\SYSTEM32\NTASN1.dll
0x000002b4402a0000 - 0x000002b4402a4000 	C:\Users\ghodb\.javacpp\cache\javacpp-1.5.7-windows-x86_64.jar\org\bytedeco\javacpp\windows-x86_64\api-ms-win-crt-locale-l1-1-0.dll
0x000002b4402b0000 - 0x000002b4402b5000 	C:\Users\ghodb\.javacpp\cache\javacpp-1.5.7-windows-x86_64.jar\org\bytedeco\javacpp\windows-x86_64\api-ms-win-crt-string-l1-1-0.dll
0x000002b4402c0000 - 0x000002b4402c5000 	C:\Users\ghodb\.javacpp\cache\javacpp-1.5.7-windows-x86_64.jar\org\bytedeco\javacpp\windows-x86_64\api-ms-win-crt-stdio-l1-1-0.dll
0x000002b454fe0000 - 0x000002b454fe6000 	C:\Users\ghodb\.javacpp\cache\javacpp-1.5.7-windows-x86_64.jar\org\bytedeco\javacpp\windows-x86_64\api-ms-win-crt-math-l1-1-0.dll
0x000002b454ff0000 - 0x000002b454ff4000 	C:\Users\ghodb\.javacpp\cache\javacpp-1.5.7-windows-x86_64.jar\org\bytedeco\javacpp\windows-x86_64\api-ms-win-crt-heap-l1-1-0.dll
0x000002b496f40000 - 0x000002b496f45000 	C:\Users\ghodb\.javacpp\cache\javacpp-1.5.7-windows-x86_64.jar\org\bytedeco\javacpp\windows-x86_64\api-ms-win-crt-runtime-l1-1-0.dll
0x000002b496f50000 - 0x000002b496f55000 	C:\Users\ghodb\.javacpp\cache\javacpp-1.5.7-windows-x86_64.jar\org\bytedeco\javacpp\windows-x86_64\api-ms-win-crt-convert-l1-1-0.dll
0x000002b496f60000 - 0x000002b496f64000 	C:\Users\ghodb\.javacpp\cache\javacpp-1.5.7-windows-x86_64.jar\org\bytedeco\javacpp\windows-x86_64\api-ms-win-crt-environment-l1-1-0.dll
0x000002b496f70000 - 0x000002b496f74000 	C:\Users\ghodb\.javacpp\cache\javacpp-1.5.7-windows-x86_64.jar\org\bytedeco\javacpp\windows-x86_64\api-ms-win-crt-time-l1-1-0.dll
0x000002b496f80000 - 0x000002b496f84000 	C:\Users\ghodb\.javacpp\cache\javacpp-1.5.7-windows-x86_64.jar\org\bytedeco\javacpp\windows-x86_64\api-ms-win-crt-filesystem-l1-1-0.dll
0x000002b496f90000 - 0x000002b496f94000 	C:\Users\ghodb\.javacpp\cache\javacpp-1.5.7-windows-x86_64.jar\org\bytedeco\javacpp\windows-x86_64\api-ms-win-crt-utility-l1-1-0.dll
0x000002b496fa0000 - 0x000002b496fa6000 	C:\Users\ghodb\.javacpp\cache\javacpp-1.5.7-windows-x86_64.jar\org\bytedeco\javacpp\windows-x86_64\api-ms-win-crt-multibyte-l1-1-0.dll
0x000002b496fb0000 - 0x000002b496fb4000 	C:\Users\ghodb\.javacpp\cache\javacpp-1.5.7-windows-x86_64.jar\org\bytedeco\javacpp\windows-x86_64\api-ms-win-crt-conio-l1-1-0.dll
0x000002b496fc0000 - 0x000002b496fd1000 	C:\Users\ghodb\.javacpp\cache\javacpp-1.5.7-windows-x86_64.jar\org\bytedeco\javacpp\windows-x86_64\api-ms-win-crt-private-l1-1-0.dll
0x000002b496fe0000 - 0x000002b496fe4000 	C:\Users\ghodb\.javacpp\cache\javacpp-1.5.7-windows-x86_64.jar\org\bytedeco\javacpp\windows-x86_64\api-ms-win-crt-process-l1-1-0.dll
0x000002b496ff0000 - 0x000002b496ff4000 	C:\Users\ghodb\.javacpp\cache\javacpp-1.5.7-windows-x86_64.jar\org\bytedeco\javacpp\windows-x86_64\api-ms-win-core-console-l1-2-0.dll
0x000002b49e500000 - 0x000002b49e504000 	C:\Users\ghodb\.javacpp\cache\javacpp-1.5.7-windows-x86_64.jar\org\bytedeco\javacpp\windows-x86_64\api-ms-win-core-string-l1-1-0.dll
0x000002b49e510000 - 0x000002b49e514000 	C:\Users\ghodb\.javacpp\cache\javacpp-1.5.7-windows-x86_64.jar\org\bytedeco\javacpp\windows-x86_64\api-ms-win-core-errorhandling-l1-1-0.dll
0x000002b49e520000 - 0x000002b49e524000 	C:\Users\ghodb\.javacpp\cache\javacpp-1.5.7-windows-x86_64.jar\org\bytedeco\javacpp\windows-x86_64\api-ms-win-core-timezone-l1-1-0.dll
0x000002b49e530000 - 0x000002b49e535000 	C:\Users\ghodb\.javacpp\cache\javacpp-1.5.7-windows-x86_64.jar\org\bytedeco\javacpp\windows-x86_64\api-ms-win-core-file-l1-1-0.dll
0x000002b49e540000 - 0x000002b49e544000 	C:\Users\ghodb\.javacpp\cache\javacpp-1.5.7-windows-x86_64.jar\org\bytedeco\javacpp\windows-x86_64\api-ms-win-core-namedpipe-l1-1-0.dll
0x000002b49e550000 - 0x000002b49e554000 	C:\Users\ghodb\.javacpp\cache\javacpp-1.5.7-windows-x86_64.jar\org\bytedeco\javacpp\windows-x86_64\api-ms-win-core-handle-l1-1-0.dll
0x000002b49e560000 - 0x000002b49e564000 	C:\Users\ghodb\.javacpp\cache\javacpp-1.5.7-windows-x86_64.jar\org\bytedeco\javacpp\windows-x86_64\api-ms-win-core-file-l2-1-0.dll
0x000002b49e570000 - 0x000002b49e574000 	C:\Users\ghodb\.javacpp\cache\javacpp-1.5.7-windows-x86_64.jar\org\bytedeco\javacpp\windows-x86_64\api-ms-win-core-heap-l1-1-0.dll
0x000002b49e580000 - 0x000002b49e584000 	C:\Users\ghodb\.javacpp\cache\javacpp-1.5.7-windows-x86_64.jar\org\bytedeco\javacpp\windows-x86_64\api-ms-win-core-libraryloader-l1-1-0.dll
0x000002b49e590000 - 0x000002b49e594000 	C:\Users\ghodb\.javacpp\cache\javacpp-1.5.7-windows-x86_64.jar\org\bytedeco\javacpp\windows-x86_64\api-ms-win-core-synch-l1-1-0.dll
0x000002b49e5a0000 - 0x000002b49e5a4000 	C:\Users\ghodb\.javacpp\cache\javacpp-1.5.7-windows-x86_64.jar\org\bytedeco\javacpp\windows-x86_64\api-ms-win-core-processthreads-l1-1-0.dll
0x000002b49e5b0000 - 0x000002b49e5b4000 	C:\Users\ghodb\.javacpp\cache\javacpp-1.5.7-windows-x86_64.jar\org\bytedeco\javacpp\windows-x86_64\api-ms-win-core-processenvironment-l1-1-0.dll
0x000002b49e5c0000 - 0x000002b49e5c4000 	C:\Users\ghodb\.javacpp\cache\javacpp-1.5.7-windows-x86_64.jar\org\bytedeco\javacpp\windows-x86_64\api-ms-win-core-datetime-l1-1-0.dll
0x000002b49e5d0000 - 0x000002b49e5d4000 	C:\Users\ghodb\.javacpp\cache\javacpp-1.5.7-windows-x86_64.jar\org\bytedeco\javacpp\windows-x86_64\api-ms-win-core-localization-l1-2-0.dll
0x000002b49e5e0000 - 0x000002b49e5e4000 	C:\Users\ghodb\.javacpp\cache\javacpp-1.5.7-windows-x86_64.jar\org\bytedeco\javacpp\windows-x86_64\api-ms-win-core-sysinfo-l1-1-0.dll
0x000002b49e5f0000 - 0x000002b49e5f4000 	C:\Users\ghodb\.javacpp\cache\javacpp-1.5.7-windows-x86_64.jar\org\bytedeco\javacpp\windows-x86_64\api-ms-win-core-synch-l1-2-0.dll
0x000002b49e600000 - 0x000002b49e604000 	C:\Users\ghodb\.javacpp\cache\javacpp-1.5.7-windows-x86_64.jar\org\bytedeco\javacpp\windows-x86_64\api-ms-win-core-console-l1-1-0.dll
0x000002b49e610000 - 0x000002b49e614000 	C:\Users\ghodb\.javacpp\cache\javacpp-1.5.7-windows-x86_64.jar\org\bytedeco\javacpp\windows-x86_64\api-ms-win-core-debug-l1-1-0.dll
0x000002b49e620000 - 0x000002b49e624000 	C:\Users\ghodb\.javacpp\cache\javacpp-1.5.7-windows-x86_64.jar\org\bytedeco\javacpp\windows-x86_64\api-ms-win-core-rtlsupport-l1-1-0.dll
0x000002b49e630000 - 0x000002b49e634000 	C:\Users\ghodb\.javacpp\cache\javacpp-1.5.7-windows-x86_64.jar\org\bytedeco\javacpp\windows-x86_64\api-ms-win-core-processthreads-l1-1-1.dll
0x000002b49e640000 - 0x000002b49e644000 	C:\Users\ghodb\.javacpp\cache\javacpp-1.5.7-windows-x86_64.jar\org\bytedeco\javacpp\windows-x86_64\api-ms-win-core-file-l1-2-0.dll
0x000002b49e650000 - 0x000002b49e654000 	C:\Users\ghodb\.javacpp\cache\javacpp-1.5.7-windows-x86_64.jar\org\bytedeco\javacpp\windows-x86_64\api-ms-win-core-profile-l1-1-0.dll
0x000002b49e660000 - 0x000002b49e664000 	C:\Users\ghodb\.javacpp\cache\javacpp-1.5.7-windows-x86_64.jar\org\bytedeco\javacpp\windows-x86_64\api-ms-win-core-memory-l1-1-0.dll
0x000002b49e670000 - 0x000002b49e674000 	C:\Users\ghodb\.javacpp\cache\javacpp-1.5.7-windows-x86_64.jar\org\bytedeco\javacpp\windows-x86_64\api-ms-win-core-util-l1-1-0.dll
0x000002b49e680000 - 0x000002b49e684000 	C:\Users\ghodb\.javacpp\cache\javacpp-1.5.7-windows-x86_64.jar\org\bytedeco\javacpp\windows-x86_64\api-ms-win-core-interlocked-l1-1-0.dll
0x00007ffb12ef0000 - 0x00007ffb13001000 	C:\Users\ghodb\.javacpp\cache\javacpp-1.5.7-windows-x86_64.jar\org\bytedeco\javacpp\windows-x86_64\ucrtbase.dll
0x00007ffb21280000 - 0x00007ffb2129b000 	C:\Users\ghodb\.javacpp\cache\javacpp-1.5.7-windows-x86_64.jar\org\bytedeco\javacpp\windows-x86_64\vcruntime140.dll
0x00007ffb212e0000 - 0x00007ffb212ec000 	C:\Users\ghodb\.javacpp\cache\javacpp-1.5.7-windows-x86_64.jar\org\bytedeco\javacpp\windows-x86_64\vcruntime140_1.dll
0x00007ffb13ab0000 - 0x00007ffb13b3d000 	C:\Users\ghodb\.javacpp\cache\javacpp-1.5.7-windows-x86_64.jar\org\bytedeco\javacpp\windows-x86_64\msvcp140.dll
0x00007ffb21270000 - 0x00007ffb21279000 	C:\Users\ghodb\.javacpp\cache\javacpp-1.5.7-windows-x86_64.jar\org\bytedeco\javacpp\windows-x86_64\msvcp140_1.dll
0x00007ffb21220000 - 0x00007ffb2126e000 	C:\Users\ghodb\.javacpp\cache\javacpp-1.5.7-windows-x86_64.jar\org\bytedeco\javacpp\windows-x86_64\concrt140.dll
0x00007ffb1fc40000 - 0x00007ffb1fc71000 	C:\Users\ghodb\.javacpp\cache\javacpp-1.5.7-windows-x86_64.jar\org\bytedeco\javacpp\windows-x86_64\vcomp140.dll
0x00007ffb1fc30000 - 0x00007ffb1fc3e000 	C:\Users\ghodb\.javacpp\cache\javacpp-1.5.7-windows-x86_64.jar\org\bytedeco\javacpp\windows-x86_64\jnijavacpp.dll
0x00007ffab0350000 - 0x00007ffab2090000 	C:\Users\ghodb\.javacpp\cache\openblas-0.3.23-1.5.9-windows-x86_64.jar\org\bytedeco\openblas\windows-x86_64\libopenblas_nolapack.dll
0x00007ffb18360000 - 0x00007ffb183bf000 	C:\Users\ghodb\.javacpp\cache\openblas-0.3.23-1.5.9-windows-x86_64.jar\org\bytedeco\openblas\windows-x86_64\jniopenblas_nolapack.dll

dbghelp: loaded successfully - version: 4.0.5 - missing functions: none
symbol engine: initialized successfully - sym options: 0x614 - pdb path: .;C:\Users\ghodb\.jdks\jbr-17.0.12\bin;C:\WINDOWS\SYSTEM32;C:\Program Files\Avast Software\Avast;C:\WINDOWS\WinSxS\amd64_microsoft.windows.common-controls_6595b64144ccf1df_6.0.26100.8115_none_3e075c82e3354f9c;C:\Users\ghodb\.jdks\jbr-17.0.12\bin\server;C:\Users\ghodb\.javacpp\cache\javacpp-1.5.7-windows-x86_64.jar\org\bytedeco\javacpp\windows-x86_64;C:\Users\ghodb\.javacpp\cache\openblas-0.3.23-1.5.9-windows-x86_64.jar\org\bytedeco\openblas\windows-x86_64

VM Arguments:
jvm_args: -XX:TieredStopAtLevel=1 -Dspring.output.ansi.enabled=always -Dcom.sun.management.jmxremote -Dspring.jmx.enabled=true -Dspring.liveBeansView.mbeanDomain -Dspring.application.admin.enabled=true -Dmanagement.endpoints.jmx.exposure.include=* -javaagent:C:\Program Files\JetBrains\IntelliJ IDEA 2024.3.1.1\lib\idea_rt.jar=63416 -Dfile.encoding=UTF-8 
java_command: org.example.projet_pi.ProjetPiApplication
java_class_path (initial): C:\Users\ghodb\AppData\Local\Temp\classpath2114439041.jar
Launcher Type: SUN_STANDARD

[Global flags]
     intx CICompilerCount                          = 4                                         {product} {ergonomic}
     uint ConcGCThreads                            = 3                                         {product} {ergonomic}
     uint G1ConcRefinementThreads                  = 10                                        {product} {ergonomic}
   size_t G1HeapRegionSize                         = 2097152                                   {product} {ergonomic}
    uintx GCDrainStackTargetSize                   = 64                                        {product} {ergonomic}
   size_t InitialHeapSize                          = 264241152                                 {product} {ergonomic}
     bool ManagementServer                         = true                                      {product} {command line}
   size_t MarkStackSize                            = 4194304                                   {product} {ergonomic}
   size_t MaxHeapSize                              = 4213178368                                {product} {ergonomic}
   size_t MaxNewSize                               = 2527068160                                {product} {ergonomic}
   size_t MinHeapDeltaBytes                        = 2097152                                   {product} {ergonomic}
   size_t MinHeapSize                              = 8388608                                   {product} {ergonomic}
    uintx NonProfiledCodeHeapSize                  = 0                                      {pd product} {ergonomic}
     bool ProfileInterpreter                       = false                                  {pd product} {command line}
    uintx ProfiledCodeHeapSize                     = 0                                      {pd product} {ergonomic}
   size_t SoftMaxHeapSize                          = 4213178368                             {manageable} {ergonomic}
     intx TieredStopAtLevel                        = 1                                         {product} {command line}
     bool UseCompressedClassPointers               = true                           {product lp64_product} {ergonomic}
     bool UseCompressedOops                        = true                           {product lp64_product} {ergonomic}
     bool UseG1GC                                  = true                                      {product} {ergonomic}
     bool UseLargePagesIndividualAllocation        = false                                  {pd product} {ergonomic}

Logging:
Log output configuration:
 #0: stdout all=warning uptime,level,tags
 #1: stderr all=off uptime,level,tags

Environment Variables:
PATH=C:\oraclexe\app\oracle\product\11.2.0\server\bin;C:\Program Files (x86)\VMware\VMware Workstation\bin\;C:\Python312\Scripts\;C:\Python312\;C:\app\ghodb\product\21c\dbhomeXE\bin;C:\Program Files\Common Files\Oracle\Java\javapath;C:\Windows\system32;C:\Windows;C:\Windows\System32\Wbem;C:\Windows\System32\WindowsPowerShell\v1.0\;C:\Windows\System32\OpenSSH\;C:\Program Files\dotnet\;C:\Program Files\NVIDIA Corporation\NVIDIA NvDLISR;C:\Program Files (x86)\NVIDIA Corporation\PhysX\Common;C:\Program Files\MySQL\MySQL Server 8.0\bin;C:\Program Files\MongoDB\Server\7.0\bin;C:\mongosh-2.1.1-win32-x64\mongosh-2.1.1-win32-x64\bin;C:\Program Files\MongoDB\mongosh-2.1.4-win32-x64\bin;C:\ProgramData\chocolatey\bin;C:\composer;C:\Program Files (x86)\GnuWin32\bin;C:\Program Files (x86)\CodeBlocks\MinGW\bin;C:\WINDOWS\system32;C:\WINDOWS;C:\WINDOWS\System32\Wbem;C:\WINDOWS\System32\WindowsPowerShell\v1.0\;C:\Program Files (x86)\Apache\apache-maven-3.9.9\bin;C:\WINDOWS\System32\OpenSSH\;C:\Apache\Maven\mvn\bin;C:\Program Files\Microsoft SQL Server\150\Tools\Binn\;C:\xampp\php;C:\xampp\php\php.exe;C:\Users\ghodb\AppData\Local\Android\Sdk\cmdline-tools\latest\bin;C:\Users\ghodb\AppData\Local\Android\Sdk\emulator;C:\Users\ghodb\AppData\Local\Android\Sdk\platform-tools;C:\Users\ghodb\AppData\Local\nvm;C:\nvm4w\nodejs;C:\Program Files\Git\cmd;C:\stripe;C:\Users\ghodb\AppData\Local\Programs\Python\Python314\Scripts\;C:\Users\ghodb\AppData\Local\Programs\Python\Python314\;C:\Users\ghodb\scoop\shims;C:\Users\ghodb\AppData\Local\Microsoft\WindowsApps;C:\Users\ghodb\AppData\Local\Programs\Microsoft VS Code\bin;C:\Program Files\JetBrains\IntelliJ IDEA 2024.3.1.1\bin;;C:\Users\ghodb\AppData\Local\Programs\MiKTeX\miktex\bin\x64\;C:\xampp\php;C:\Users\ghodb\AppData\Roaming\Composer\vendor\bin;C:\Apache\Maven\mvn;C:\Program Files\JetBrains\DataGrip 2025.1.3\bin;;C:\Users\ghodb\AppData\Roaming\npm;C:\flutter\bin;C:\Users\ghodb\AppData\Local\nvm;C:\nvm4w\nodejs
USERNAME=ghodb
OS=Windows_NT
PROCESSOR_IDENTIFIER=Intel64 Family 6 Model 154 Stepping 4, GenuineIntel
TMP=C:\Users\ghodb\AppData\Local\Temp
TEMP=C:\Users\ghodb\AppData\Local\Temp



Periodic native trim disabled

JNI global refs:
JNI global refs: 18, weak refs: 97

JNI global refs memory usage: 843, weak refs: 1473

Process memory usage:
Resident Set Size: 429772K (2% of 16454388K total physical memory with 3560204K free physical memory)

OOME stack traces (most recent first):
Classloader memory used:
Loader jdk.internal.loader.ClassLoaders$AppClassLoader                                 : 8912K
Loader bootstrap                                                                       : 1145K
Loader jdk.internal.loader.ClassLoaders$PlatformClassLoader                            : 71930B
Loader jdk.internal.reflect.DelegatingClassLoader                                      : 65757B
Loader org.springframework.boot.web.embedded.tomcat.TomcatEmbeddedWebappClassLoader    : 2066B
Loader sun.reflect.misc.MethodUtil                                                     : 373B
Loader net.bytebuddy.utility.dispatcher.JavaDispatcher$DynamicClassLoader              : 231B


---------------  S Y S T E M  ---------------

OS:
 Windows 11 , 64 bit Build 26100 (10.0.26100.8246)
OS uptime: 1 days 19:18 hours
Hyper-V role detected

CPU: total 12 (initial active 12) (6 cores per cpu, 2 threads per core) family 6 model 154 stepping 4 microcode 0x43b, cx8, cmov, fxsr, ht, mmx, 3dnowpref, sse, sse2, sse3, ssse3, sse4.1, sse4.2, popcnt, lzcnt, tsc, tscinvbit, avx, avx2, aes, erms, clmul, bmi1, bmi2, adx, sha, fma, vzeroupper, clflush, clflushopt, clwb, hv
Processor Information for processor 0
  Max Mhz: 1700, Current Mhz: 1700, Mhz Limit: 1700
Processor Information for processor 1
  Max Mhz: 1700, Current Mhz: 1700, Mhz Limit: 1700
Processor Information for processor 2
  Max Mhz: 1700, Current Mhz: 1700, Mhz Limit: 1700
Processor Information for processor 3
  Max Mhz: 1700, Current Mhz: 1700, Mhz Limit: 1700
Processor Information for processor 4
  Max Mhz: 1700, Current Mhz: 1558, Mhz Limit: 1700
Processor Information for processor 5
  Max Mhz: 1700, Current Mhz: 1700, Mhz Limit: 1700
Processor Information for processor 6
  Max Mhz: 1700, Current Mhz: 1700, Mhz Limit: 1700
Processor Information for processor 7
  Max Mhz: 1700, Current Mhz: 1700, Mhz Limit: 1700
Processor Information for processor 8
  Max Mhz: 1700, Current Mhz: 1700, Mhz Limit: 1700
Processor Information for processor 9
  Max Mhz: 1700, Current Mhz: 1558, Mhz Limit: 1700
Processor Information for processor 10
  Max Mhz: 1700, Current Mhz: 1700, Mhz Limit: 1700
Processor Information for processor 11
  Max Mhz: 1700, Current Mhz: 1700, Mhz Limit: 1700

Memory: 4k page, system-wide physical 16068M (3476M free)
TotalPageFile size 24854M (AvailPageFile size 11M)
current process WorkingSet (physical memory assigned to process): 420M, peak: 420M
current process commit charge ("private bytes"): 3296M, peak: 3296M

vm_info: OpenJDK 64-Bit Server VM (17.0.12+1-b1207.37) for windows-amd64 JRE (17.0.12+1-b1207.37), built on 2024-09-25 by "builduser" with MS VC++ 16.10 / 16.11 (VS2019)

END.
