#
# There is insufficient memory for the Java Runtime Environment to continue.
# Native memory allocation (mmap) failed to map 264241152 bytes. Error detail: G1 virtual space
# Possible reasons:
#   The system is out of physical RAM or swap space
#   This process is running with CompressedOops enabled, and the Java Heap may be blocking the growth of the native heap
# Possible solutions:
#   Reduce memory load on the system
#   Increase physical memory or swap space
#   Check if swap backing store is full
#   Decrease Java heap size (-Xmx/-Xms)
#   Decrease number of Java threads
#   Decrease Java thread stack sizes (-Xss)
#   Set larger code cache with -XX:ReservedCodeCacheSize=
#   JVM is running with Zero Based Compressed Oops mode in which the Java heap is
#     placed in the first 32GB address space. The Java Heap base address is the
#     maximum limit for the native heap growth. Please use -XX:HeapBaseMinAddress
#     to set the Java Heap base and to place the Java Heap above 32GB virtual address.
# This output file may be truncated or incomplete.
#
#  Out of Memory Error (os_windows.cpp:3825), pid=20284, tid=26556
#
# JRE version:  (17.0.12+1) (build )
# Java VM: OpenJDK 64-Bit Server VM (17.0.12+1-b1207.37, mixed mode, emulated-client, sharing, tiered, compressed oops, compressed class ptrs, g1 gc, windows-amd64)
# No core dump will be written. Minidumps are not enabled by default on client versions of Windows
#

---------------  S U M M A R Y ------------

Command Line: -XX:TieredStopAtLevel=1 -Dspring.output.ansi.enabled=always -Dcom.sun.management.jmxremote -Dspring.jmx.enabled=true -Dspring.liveBeansView.mbeanDomain -Dspring.application.admin.enabled=true -Dmanagement.endpoints.jmx.exposure.include=* -javaagent:C:\Program Files\JetBrains\IntelliJ IDEA 2024.3.1.1\lib\idea_rt.jar=51323 -Dfile.encoding=UTF-8 org.example.projet_pi.ProjetPiApplication

Host: 12th Gen Intel(R) Core(TM) i7-1255U, 12 cores, 15G,  Windows 11 , 64 bit Build 26100 (10.0.26100.8246)
Time: Sun Apr 26 11:18:17 2026 Afr. centrale Ouest elapsed time: 0.028915 seconds (0d 0h 0m 0s)

---------------  T H R E A D  ---------------

Current thread (0x000001e8d6fe41e0):  JavaThread "Unknown thread" [_thread_in_vm, id=26556, stack(0x00000065ca900000,0x00000065caa00000)]

Stack: [0x00000065ca900000,0x00000065caa00000]
Native frames: (J=compiled Java code, j=interpreted, Vv=VM code, C=native code)
V  [jvm.dll+0x689d89]  os::platform_print_native_stack+0xd9  (os_windows_x86.cpp:235)
V  [jvm.dll+0x84386a]  VMError::report+0xc6a  (vmError.cpp:868)
V  [jvm.dll+0x8454ee]  VMError::report_and_die+0x78e  (vmError.cpp:1766)
V  [jvm.dll+0x845b53]  VMError::report_and_die+0x43  (vmError.cpp:1552)
V  [jvm.dll+0x24a56f]  report_vm_out_of_memory+0x8f  (debug.cpp:321)
V  [jvm.dll+0x686ad9]  os::pd_commit_memory_or_exit+0xc9  (os_windows.cpp:3833)
V  [jvm.dll+0x67b3da]  os::commit_memory_or_exit+0x2a  (os.cpp:1740)
V  [jvm.dll+0x30b15b]  G1PageBasedVirtualSpace::commit+0x19b  (g1PageBasedVirtualSpace.cpp:204)
V  [jvm.dll+0x312646]  G1RegionsLargerThanCommitSizeMapper::commit_regions+0x96  (g1RegionToSpaceMapper.cpp:100)
V  [jvm.dll+0x36288e]  HeapRegionManager::expand_any+0xee  (heapRegionManager.cpp:363)
V  [jvm.dll+0x362acf]  HeapRegionManager::expand_by+0x7f  (heapRegionManager.cpp:380)
V  [jvm.dll+0x2e125c]  G1CollectedHeap::expand+0xbc  (g1CollectedHeap.cpp:1292)
V  [jvm.dll+0x2e21b4]  G1CollectedHeap::initialize+0x664  (g1CollectedHeap.cpp:1713)
V  [jvm.dll+0x81420b]  universe_init+0xbb  (universe.cpp:737)
V  [jvm.dll+0x370618]  init_globals+0x48  (init.cpp:131)
V  [jvm.dll+0x7f2b45]  Threads::create_vm+0x5e5  (thread.cpp:2909)
V  [jvm.dll+0x3f4aaf]  JNI_CreateJavaVM_inner+0x8f  (jni.cpp:3654)
V  [jvm.dll+0x3f6661]  JNI_CreateJavaVM+0x11  (jni.cpp:3746)
C  [jli.dll+0x528f]  JavaMain+0x113  (java.c:413)
C  [ucrtbase.dll+0x37b0]
C  [KERNEL32.DLL+0x2e8d7]
C  [ntdll.dll+0x8c3fc]


---------------  P R O C E S S  ---------------

Threads class SMR info:
_java_thread_list=0x00007ffacb8b5fd8, length=0, elements={
}

Java Threads: ( => current thread )

Other Threads:
  0x000001e8d7053420 GCTaskThread "GC Thread#0" [stack: 0x00000065caa00000,0x00000065cab00000] [id=24204]
  0x000001e8d705ffb0 ConcurrentGCThread "G1 Main Marker" [stack: 0x00000065cab00000,0x00000065cac00000] [id=14640]
  0x000001e8d6ddea10 ConcurrentGCThread "G1 Conc#0" [stack: 0x00000065cac00000,0x00000065cad00000] [id=13556]

[error occurred during error reporting (printing all threads), id 0xc0000005, EXCEPTION_ACCESS_VIOLATION (0xc0000005) at pc=0x00007ffacb061ae7]

VM state: not at safepoint (not fully initialized)

VM Mutex/Monitor currently owned by a thread:  ([mutex/lock_event])
[0x000001e8d6fe0030] Heap_lock - owner thread: 0x000001e8d6fe41e0

Heap address: 0x0000000704e00000, size: 4018 MB, Compressed Oops mode: Zero based, Oop shift amount: 3

CDS archive(s) mapped at: [0x0000000000000000-0x0000000000000000-0x0000000000000000), size 0, SharedBaseAddress: 0x0000000800000000, ArchiveRelocationMode: 1.
Narrow klass base: 0x0000000000000000, Narrow klass shift: 0, Narrow klass range: 0x0

GC Precious Log:
<Empty>

Heap:
 garbage-first heap   total 0K, used 0K [0x0000000704e00000, 0x0000000800000000)
  region size 2048K, 0 young (0K), 0 survivors (0K)
 Metaspace       used 0K, committed 0K, reserved 0K
  class space    used 0K, committed 0K, reserved 0K

Heap Regions: E=young(eden), S=young(survivor), O=old, HS=humongous(starts), HC=humongous(continues), CS=collection set, F=free, OA=open archive, CA=closed archive, TAMS=top-at-mark-start (previous, next)

Card table byte_map: [0x000001e8e0290000,0x000001e8e0a70000] _byte_map_base: 0x000001e8dca69000

Marking Bits (Prev, Next): (CMBitMap*) 0x000001e8d7053a40, (CMBitMap*) 0x000001e8d7053a80
 Prev Bits: [0x000001e8e1250000, 0x000001e8e5118000)
 Next Bits: [0x000001e8e5120000, 0x000001e8e8fe8000)

GC Heap History (0 events):
No events

Dll operation events (1 events):
Event: 0.017 Loaded shared library C:\Users\ghodb\.jdks\jbr-17.0.12\bin\java.dll

Deoptimization events (0 events):
No events

Classes loaded (0 events):
No events

Classes unloaded (0 events):
No events

Classes redefined (0 events):
No events

Internal exceptions (0 events):
No events

VM Operations (0 events):
No events

Events (0 events):
No events


Dynamic libraries:
0x00007ff704c90000 - 0x00007ff704c9a000 	C:\Users\ghodb\.jdks\jbr-17.0.12\bin\java.exe
0x00007ffb8c960000 - 0x00007ffb8cbc7000 	C:\WINDOWS\SYSTEM32\ntdll.dll
0x00007ffb6c050000 - 0x00007ffb6c071000 	C:\Program Files\Avast Software\Avast\aswhook.dll
0x00007ffb8a9a0000 - 0x00007ffb8aa69000 	C:\WINDOWS\System32\KERNEL32.DLL
0x00007ffb89fa0000 - 0x00007ffb8a394000 	C:\WINDOWS\System32\KERNELBASE.dll
0x00007ffb8a3a0000 - 0x00007ffb8a4eb000 	C:\WINDOWS\System32\ucrtbase.dll
0x00007ffb27360000 - 0x00007ffb2737b000 	C:\Users\ghodb\.jdks\jbr-17.0.12\bin\VCRUNTIME140.dll
0x00007ffb27380000 - 0x00007ffb27397000 	C:\Users\ghodb\.jdks\jbr-17.0.12\bin\jli.dll
0x00007ffb8c6e0000 - 0x00007ffb8c8a5000 	C:\WINDOWS\System32\USER32.dll
0x00007ffb5f000000 - 0x00007ffb5f293000 	C:\WINDOWS\WinSxS\amd64_microsoft.windows.common-controls_6595b64144ccf1df_6.0.26100.8115_none_3e075c82e3354f9c\COMCTL32.dll
0x00007ffb89230000 - 0x00007ffb89257000 	C:\WINDOWS\System32\win32u.dll
0x00007ffb8a8f0000 - 0x00007ffb8a999000 	C:\WINDOWS\System32\msvcrt.dll
0x00007ffb8b840000 - 0x00007ffb8b86b000 	C:\WINDOWS\System32\GDI32.dll
0x00007ffb89490000 - 0x00007ffb895bb000 	C:\WINDOWS\System32\gdi32full.dll
0x00007ffb89260000 - 0x00007ffb89303000 	C:\WINDOWS\System32\msvcp_win.dll
0x00007ffb8aa70000 - 0x00007ffb8aaa2000 	C:\WINDOWS\System32\IMM32.DLL
0x00007ffb27da0000 - 0x00007ffb27dac000 	C:\Users\ghodb\.jdks\jbr-17.0.12\bin\vcruntime140_1.dll
0x00007ffb13b40000 - 0x00007ffb13bcd000 	C:\Users\ghodb\.jdks\jbr-17.0.12\bin\msvcp140.dll
0x00007ffacad70000 - 0x00007ffacb9fa000 	C:\Users\ghodb\.jdks\jbr-17.0.12\bin\server\jvm.dll
0x00007ffb8b290000 - 0x00007ffb8b346000 	C:\WINDOWS\System32\ADVAPI32.dll
0x00007ffb8c1a0000 - 0x00007ffb8c247000 	C:\WINDOWS\System32\sechost.dll
0x00007ffb8c5b0000 - 0x00007ffb8c6c8000 	C:\WINDOWS\System32\RPCRT4.dll
0x00007ffb8c3f0000 - 0x00007ffb8c470000 	C:\WINDOWS\System32\WS2_32.dll
0x00007ffb89090000 - 0x00007ffb890ee000 	C:\WINDOWS\SYSTEM32\POWRPROF.dll
0x00007ffb76780000 - 0x00007ffb7678b000 	C:\WINDOWS\SYSTEM32\VERSION.dll
0x00007ffb83c90000 - 0x00007ffb83cc6000 	C:\WINDOWS\SYSTEM32\WINMM.dll
0x00007ffb89070000 - 0x00007ffb89084000 	C:\WINDOWS\SYSTEM32\UMPDC.dll
0x00007ffb87fc0000 - 0x00007ffb87fdb000 	C:\WINDOWS\SYSTEM32\kernel.appcore.dll
0x00007ffb27530000 - 0x00007ffb2753a000 	C:\Users\ghodb\.jdks\jbr-17.0.12\bin\jimage.dll
0x00007ffb87130000 - 0x00007ffb87372000 	C:\WINDOWS\SYSTEM32\DBGHELP.DLL
0x00007ffb8ac90000 - 0x00007ffb8b012000 	C:\WINDOWS\System32\combase.dll
0x00007ffb8b870000 - 0x00007ffb8b948000 	C:\WINDOWS\System32\OLEAUT32.dll
0x00007ffb83c50000 - 0x00007ffb83c8b000 	C:\WINDOWS\SYSTEM32\dbgcore.DLL
0x00007ffb8a580000 - 0x00007ffb8a625000 	C:\WINDOWS\System32\bcryptPrimitives.dll
0x00007ffb27350000 - 0x00007ffb2735e000 	C:\Users\ghodb\.jdks\jbr-17.0.12\bin\instrument.dll
0x00007ffb26f60000 - 0x00007ffb26f85000 	C:\Users\ghodb\.jdks\jbr-17.0.12\bin\java.dll

dbghelp: loaded successfully - version: 4.0.5 - missing functions: none
symbol engine: initialized successfully - sym options: 0x614 - pdb path: .;C:\Users\ghodb\.jdks\jbr-17.0.12\bin;C:\WINDOWS\SYSTEM32;C:\Program Files\Avast Software\Avast;C:\WINDOWS\WinSxS\amd64_microsoft.windows.common-controls_6595b64144ccf1df_6.0.26100.8115_none_3e075c82e3354f9c;C:\Users\ghodb\.jdks\jbr-17.0.12\bin\server

VM Arguments:
jvm_args: -XX:TieredStopAtLevel=1 -Dspring.output.ansi.enabled=always -Dcom.sun.management.jmxremote -Dspring.jmx.enabled=true -Dspring.liveBeansView.mbeanDomain -Dspring.application.admin.enabled=true -Dmanagement.endpoints.jmx.exposure.include=* -javaagent:C:\Program Files\JetBrains\IntelliJ IDEA 2024.3.1.1\lib\idea_rt.jar=51323 -Dfile.encoding=UTF-8 
java_command: org.example.projet_pi.ProjetPiApplication
java_class_path (initial): C:\Users\ghodb\AppData\Local\Temp\classpath1873613803.jar
Launcher Type: SUN_STANDARD

[Global flags]
     intx CICompilerCount                          = 4                                         {product} {ergonomic}
     uint ConcGCThreads                            = 3                                         {product} {ergonomic}
     uint G1ConcRefinementThreads                  = 10                                        {product} {ergonomic}
   size_t G1HeapRegionSize                         = 2097152                                   {product} {ergonomic}
    uintx GCDrainStackTargetSize                   = 64                                        {product} {ergonomic}
   size_t InitialHeapSize                          = 264241152                                 {product} {ergonomic}
     bool ManagementServer                         = true                                      {product} {command line}
   size_t MarkStackSize                            = 4194304                                   {product} {ergonomic}
   size_t MaxHeapSize                              = 4213178368                                {product} {ergonomic}
   size_t MinHeapDeltaBytes                        = 2097152                                   {product} {ergonomic}
   size_t MinHeapSize                              = 8388608                                   {product} {ergonomic}
    uintx NonProfiledCodeHeapSize                  = 0                                      {pd product} {ergonomic}
     bool ProfileInterpreter                       = false                                  {pd product} {command line}
    uintx ProfiledCodeHeapSize                     = 0                                      {pd product} {ergonomic}
   size_t SoftMaxHeapSize                          = 4213178368                             {manageable} {ergonomic}
     intx TieredStopAtLevel                        = 1                                         {product} {command line}
     bool UseCompressedClassPointers               = true                           {product lp64_product} {ergonomic}
     bool UseCompressedOops                        = true                           {product lp64_product} {ergonomic}
     bool UseG1GC                                  = true                                      {product} {ergonomic}
     bool UseLargePagesIndividualAllocation        = false                                  {pd product} {ergonomic}

Logging:
Log output configuration:
 #0: stdout all=warning uptime,level,tags
 #1: stderr all=off uptime,level,tags

Environment Variables:
PATH=C:\oraclexe\app\oracle\product\11.2.0\server\bin;C:\Program Files (x86)\VMware\VMware Workstation\bin\;C:\Python312\Scripts\;C:\Python312\;C:\app\ghodb\product\21c\dbhomeXE\bin;C:\Program Files\Common Files\Oracle\Java\javapath;C:\Windows\system32;C:\Windows;C:\Windows\System32\Wbem;C:\Windows\System32\WindowsPowerShell\v1.0\;C:\Windows\System32\OpenSSH\;C:\Program Files\dotnet\;C:\Program Files\NVIDIA Corporation\NVIDIA NvDLISR;C:\Program Files (x86)\NVIDIA Corporation\PhysX\Common;C:\Program Files\MySQL\MySQL Server 8.0\bin;C:\Program Files\MongoDB\Server\7.0\bin;C:\mongosh-2.1.1-win32-x64\mongosh-2.1.1-win32-x64\bin;C:\Program Files\MongoDB\mongosh-2.1.4-win32-x64\bin;C:\ProgramData\chocolatey\bin;C:\composer;C:\Program Files (x86)\GnuWin32\bin;C:\Program Files (x86)\CodeBlocks\MinGW\bin;C:\WINDOWS\system32;C:\WINDOWS;C:\WINDOWS\System32\Wbem;C:\WINDOWS\System32\WindowsPowerShell\v1.0\;C:\Program Files (x86)\Apache\apache-maven-3.9.9\bin;C:\WINDOWS\System32\OpenSSH\;C:\Apache\Maven\mvn\bin;C:\Program Files\Microsoft SQL Server\150\Tools\Binn\;C:\xampp\php;C:\xampp\php\php.exe;C:\Users\ghodb\AppData\Local\Android\Sdk\cmdline-tools\latest\bin;C:\Users\ghodb\AppData\Local\Android\Sdk\emulator;C:\Users\ghodb\AppData\Local\Android\Sdk\platform-tools;C:\Users\ghodb\AppData\Local\nvm;C:\nvm4w\nodejs;C:\Program Files\Git\cmd;C:\stripe;C:\Users\ghodb\AppData\Local\Programs\Python\Python314\Scripts\;C:\Users\ghodb\AppData\Local\Programs\Python\Python314\;C:\Users\ghodb\scoop\shims;C:\Users\ghodb\AppData\Local\Microsoft\WindowsApps;C:\Users\ghodb\AppData\Local\Programs\Microsoft VS Code\bin;C:\Program Files\JetBrains\IntelliJ IDEA 2024.3.1.1\bin;;C:\Users\ghodb\AppData\Local\Programs\MiKTeX\miktex\bin\x64\;C:\xampp\php;C:\Users\ghodb\AppData\Roaming\Composer\vendor\bin;C:\Apache\Maven\mvn;C:\Program Files\JetBrains\DataGrip 2025.1.3\bin;;C:\Users\ghodb\AppData\Roaming\npm;C:\flutter\bin;C:\Users\ghodb\AppData\Local\nvm;C:\nvm4w\nodejs
USERNAME=ghodb
OS=Windows_NT
PROCESSOR_IDENTIFIER=Intel64 Family 6 Model 154 Stepping 4, GenuineIntel
TMP=C:\Users\ghodb\AppData\Local\Temp
TEMP=C:\Users\ghodb\AppData\Local\Temp



Periodic native trim disabled

JNI global refs:
JNI global refs: 0, weak refs: 0

JNI global refs memory usage: 0, weak refs: 0

Process memory usage:
Resident Set Size: 53980K (0% of 16454388K total physical memory with 1774600K free physical memory)

OOME stack traces (most recent first):
Classloader memory used:


---------------  S Y S T E M  ---------------

OS:
 Windows 11 , 64 bit Build 26100 (10.0.26100.8246)
OS uptime: 1 days 19:09 hours
Hyper-V role detected

CPU: total 12 (initial active 12) (6 cores per cpu, 2 threads per core) family 6 model 154 stepping 4 microcode 0x43b, cx8, cmov, fxsr, ht, mmx, 3dnowpref, sse, sse2, sse3, ssse3, sse4.1, sse4.2, popcnt, lzcnt, tsc, tscinvbit, avx, avx2, aes, erms, clmul, bmi1, bmi2, adx, sha, fma, vzeroupper, clflush, clflushopt, clwb, hv
Processor Information for processor 0
  Max Mhz: 1700, Current Mhz: 1700, Mhz Limit: 1700
Processor Information for processor 1
  Max Mhz: 1700, Current Mhz: 1700, Mhz Limit: 1700
Processor Information for processor 2
  Max Mhz: 1700, Current Mhz: 1700, Mhz Limit: 1700
Processor Information for processor 3
  Max Mhz: 1700, Current Mhz: 1700, Mhz Limit: 1700
Processor Information for processor 4
  Max Mhz: 1700, Current Mhz: 1700, Mhz Limit: 1700
Processor Information for processor 5
  Max Mhz: 1700, Current Mhz: 1558, Mhz Limit: 1700
Processor Information for processor 6
  Max Mhz: 1700, Current Mhz: 1558, Mhz Limit: 1700
Processor Information for processor 7
  Max Mhz: 1700, Current Mhz: 1700, Mhz Limit: 1700
Processor Information for processor 8
  Max Mhz: 1700, Current Mhz: 1558, Mhz Limit: 1700
Processor Information for processor 9
  Max Mhz: 1700, Current Mhz: 1558, Mhz Limit: 1700
Processor Information for processor 10
  Max Mhz: 1700, Current Mhz: 1558, Mhz Limit: 1700
Processor Information for processor 11
  Max Mhz: 1700, Current Mhz: 1558, Mhz Limit: 1700

Memory: 4k page, system-wide physical 16068M (1733M free)
TotalPageFile size 25011M (AvailPageFile size 70M)
current process WorkingSet (physical memory assigned to process): 52M, peak: 52M
current process commit charge ("private bytes"): 99M, peak: 312M

vm_info: OpenJDK 64-Bit Server VM (17.0.12+1-b1207.37) for windows-amd64 JRE (17.0.12+1-b1207.37), built on 2024-09-25 by "builduser" with MS VC++ 16.10 / 16.11 (VS2019)

END.
